TN:
SF:app/console-demo-data.ts
FN:63,(anonymous_0)
FN:65,(anonymous_1)
FN:88,(anonymous_2)
FN:92,(anonymous_3)
FN:148,(anonymous_4)
FNF:5
FNH:5
FNDA:4,(anonymous_0)
FNDA:4,(anonymous_1)
FNDA:10,(anonymous_2)
FNDA:149,(anonymous_3)
FNDA:6,(anonymous_4)
DA:24,1
DA:36,1
DA:49,1
DA:63,4
DA:65,4
DA:73,1
DA:76,1
DA:89,10
DA:90,10
DA:91,10
DA:92,189
DA:93,189
DA:95,189
DA:106,1
DA:109,1
DA:110,1
DA:114,1
DA:121,1
DA:128,1
DA:133,1
DA:140,1
DA:148,6
DA:150,1
DA:168,1
DA:174,1
DA:183,1
DA:192,1
DA:201,1
DA:214,1
DA:228,1
DA:269,1
DA:339,1
DA:356,1
DA:366,1
DA:380,1
DA:391,1
LF:36
LH:36
BRDA:92,0,0,189
BRDA:92,0,1,115
BRDA:92,0,2,18
BRDA:101,1,0,189
BRDA:101,1,1,4
BRF:5
BRH:5
end_of_record
TN:
SF:app/console-demo.tsx
FN:67,StampChip
FN:71,Reveal
FN:75,(anonymous_2)
FN:84,SecHead
FN:97,Ring
FN:130,fmt
FN:132,(anonymous_6)
FN:138,(anonymous_7)
FN:151,(anonymous_8)
FN:169,(anonymous_9)
FN:178,DotField
FN:185,(anonymous_11)
FN:189,(anonymous_12)
FN:193,(anonymous_13)
FN:200,(anonymous_14)
FN:208,(anonymous_15)
FN:239,Activity
FN:253,(anonymous_17)
FN:258,(anonymous_18)
FN:269,(anonymous_19)
FN:275,(anonymous_20)
FN:282,(anonymous_21)
FN:291,Overview
FN:292,(anonymous_23)
FN:366,(anonymous_24)
FN:387,(anonymous_25)
FN:404,(anonymous_26)
FN:420,(anonymous_27)
FN:432,(anonymous_28)
FN:437,(anonymous_29)
FN:449,(anonymous_30)
FN:453,(anonymous_31)
FN:461,(anonymous_32)
FN:490,Ask
FN:493,(anonymous_34)
FN:496,(anonymous_35)
FN:499,(anonymous_36)
FN:559,(anonymous_37)
FN:564,(anonymous_38)
FN:588,chartPoints
FN:590,(anonymous_40)
FN:593,chartPath
FN:594,(anonymous_42)
FN:602,MemoryChart
FN:604,(anonymous_44)
FN:606,(anonymous_45)
FN:607,(anonymous_46)
FN:608,(anonymous_47)
FN:646,(anonymous_48)
FN:651,(anonymous_49)
FN:652,(anonymous_50)
FN:653,(anonymous_51)
FN:659,(anonymous_52)
FN:667,Trends
FN:684,(anonymous_54)
FN:709,(anonymous_55)
FN:732,(anonymous_56)
FN:737,(anonymous_57)
FN:740,(anonymous_58)
FN:769,(anonymous_59)
FN:777,(anonymous_60)
FN:802,Notes
FN:803,(anonymous_62)
FN:805,(anonymous_63)
FN:821,(anonymous_64)
FN:858,(anonymous_65)
FN:862,(anonymous_66)
FN:869,(anonymous_67)
FN:889,(anonymous_68)
FN:919,Inbox
FN:942,(anonymous_70)
FN:943,(anonymous_71)
FN:954,(anonymous_72)
FN:962,(anonymous_73)
FN:971,(anonymous_74)
FN:972,(anonymous_75)
FN:974,(anonymous_76)
FN:991,(anonymous_77)
FN:993,(anonymous_78)
FN:1007,(anonymous_79)
FN:1009,(anonymous_80)
FN:1017,(anonymous_81)
FN:1019,(anonymous_82)
FN:1044,(anonymous_83)
FN:1060,Settings
FN:1061,(anonymous_85)
FN:1062,(anonymous_86)
FN:1087,(anonymous_87)
FN:1093,(anonymous_88)
FN:1108,(anonymous_89)
FN:1108,(anonymous_90)
FN:1125,(anonymous_91)
FN:1131,(anonymous_92)
FN:1131,(anonymous_93)
FN:1148,(anonymous_94)
FN:1157,(anonymous_95)
FN:1161,(anonymous_96)
FN:1172,(anonymous_97)
FN:1176,(anonymous_98)
FN:1198,(anonymous_99)
FN:1230,(anonymous_100)
FN:1297,(anonymous_101)
FN:1315,ConsoleDemo
FN:1320,(anonymous_103)
FN:1321,(anonymous_104)
FN:1321,(anonymous_105)
FN:1322,(anonymous_106)
FN:1326,(anonymous_107)
FN:1336,(anonymous_108)
FN:1342,(anonymous_109)
FN:1359,(anonymous_110)
FN:1367,(anonymous_111)
FN:1371,(anonymous_112)
FNF:113
FNH:0
FNDA:0,StampChip
FNDA:0,Reveal
FNDA:0,(anonymous_2)
FNDA:0,SecHead
FNDA:0,Ring
FNDA:0,fmt
FNDA:0,(anonymous_6)
FNDA:0,(anonymous_7)
FNDA:0,(anonymous_8)
FNDA:0,(anonymous_9)
FNDA:0,DotField
FNDA:0,(anonymous_11)
FNDA:0,(anonymous_12)
FNDA:0,(anonymous_13)
FNDA:0,(anonymous_14)
FNDA:0,(anonymous_15)
FNDA:0,Activity
FNDA:0,(anonymous_17)
FNDA:0,(anonymous_18)
FNDA:0,(anonymous_19)
FNDA:0,(anonymous_20)
FNDA:0,(anonymous_21)
FNDA:0,Overview
FNDA:0,(anonymous_23)
FNDA:0,(anonymous_24)
FNDA:0,(anonymous_25)
FNDA:0,(anonymous_26)
FNDA:0,(anonymous_27)
FNDA:0,(anonymous_28)
FNDA:0,(anonymous_29)
FNDA:0,(anonymous_30)
FNDA:0,(anonymous_31)
FNDA:0,(anonymous_32)
FNDA:0,Ask
FNDA:0,(anonymous_34)
FNDA:0,(anonymous_35)
FNDA:0,(anonymous_36)
FNDA:0,(anonymous_37)
FNDA:0,(anonymous_38)
FNDA:0,chartPoints
FNDA:0,(anonymous_40)
FNDA:0,chartPath
FNDA:0,(anonymous_42)
FNDA:0,MemoryChart
FNDA:0,(anonymous_44)
FNDA:0,(anonymous_45)
FNDA:0,(anonymous_46)
FNDA:0,(anonymous_47)
FNDA:0,(anonymous_48)
FNDA:0,(anonymous_49)
FNDA:0,(anonymous_50)
FNDA:0,(anonymous_51)
FNDA:0,(anonymous_52)
FNDA:0,Trends
FNDA:0,(anonymous_54)
FNDA:0,(anonymous_55)
FNDA:0,(anonymous_56)
FNDA:0,(anonymous_57)
FNDA:0,(anonymous_58)
FNDA:0,(anonymous_59)
FNDA:0,(anonymous_60)
FNDA:0,Notes
FNDA:0,(anonymous_62)
FNDA:0,(anonymous_63)
FNDA:0,(anonymous_64)
FNDA:0,(anonymous_65)
FNDA:0,(anonymous_66)
FNDA:0,(anonymous_67)
FNDA:0,(anonymous_68)
FNDA:0,Inbox
FNDA:0,(anonymous_70)
FNDA:0,(anonymous_71)
FNDA:0,(anonymous_72)
FNDA:0,(anonymous_73)
FNDA:0,(anonymous_74)
FNDA:0,(anonymous_75)
FNDA:0,(anonymous_76)
FNDA:0,(anonymous_77)
FNDA:0,(anonymous_78)
FNDA:0,(anonymous_79)
FNDA:0,(anonymous_80)
FNDA:0,(anonymous_81)
FNDA:0,(anonymous_82)
FNDA:0,(anonymous_83)
FNDA:0,Settings
FNDA:0,(anonymous_85)
FNDA:0,(anonymous_86)
FNDA:0,(anonymous_87)
FNDA:0,(anonymous_88)
FNDA:0,(anonymous_89)
FNDA:0,(anonymous_90)
FNDA:0,(anonymous_91)
FNDA:0,(anonymous_92)
FNDA:0,(anonymous_93)
FNDA:0,(anonymous_94)
FNDA:0,(anonymous_95)
FNDA:0,(anonymous_96)
FNDA:0,(anonymous_97)
FNDA:0,(anonymous_98)
FNDA:0,(anonymous_99)
FNDA:0,(anonymous_100)
FNDA:0,(anonymous_101)
FNDA:0,ConsoleDemo
FNDA:0,(anonymous_103)
FNDA:0,(anonymous_104)
FNDA:0,(anonymous_105)
FNDA:0,(anonymous_106)
FNDA:0,(anonymous_107)
FNDA:0,(anonymous_108)
FNDA:0,(anonymous_109)
FNDA:0,(anonymous_110)
FNDA:0,(anonymous_111)
FNDA:0,(anonymous_112)
DA:1,0
DA:50,0
DA:59,0
DA:68,0
DA:72,0
DA:73,0
DA:75,0
DA:85,0
DA:98,0
DA:128,0
DA:131,0
DA:132,0
DA:133,0
DA:138,0
DA:151,0
DA:152,0
DA:153,0
DA:154,0
DA:155,0
DA:156,0
DA:158,0
DA:159,0
DA:160,0
DA:161,0
DA:163,0
DA:169,0
DA:170,0
DA:171,0
DA:172,0
DA:173,0
DA:175,0
DA:179,0
DA:180,0
DA:181,0
DA:186,0
DA:187,0
DA:190,0
DA:191,0
DA:194,0
DA:195,0
DA:196,0
DA:197,0
DA:201,0
DA:202,0
DA:203,0
DA:204,0
DA:209,0
DA:232,0
DA:240,0
DA:241,0
DA:242,0
DA:243,0
DA:244,0
DA:245,0
DA:254,0
DA:259,0
DA:260,0
DA:270,0
DA:275,0
DA:283,0
DA:292,0
DA:293,0
DA:294,0
DA:367,0
DA:388,0
DA:405,0
DA:421,0
DA:433,0
DA:438,0
DA:450,0
DA:454,0
DA:462,0
DA:491,0
DA:492,0
DA:493,0
DA:494,0
DA:496,0
DA:497,0
DA:498,0
DA:499,0
DA:501,0
DA:560,0
DA:565,0
DA:581,0
DA:582,0
DA:583,0
DA:584,0
DA:585,0
DA:586,0
DA:589,0
DA:590,0
DA:594,0
DA:595,0
DA:596,0
DA:597,0
DA:598,0
DA:603,0
DA:604,0
DA:605,0
DA:606,0
DA:607,0
DA:608,0
DA:609,0
DA:610,0
DA:611,0
DA:612,0
DA:613,0
DA:614,0
DA:615,0
DA:647,0
DA:651,0
DA:652,0
DA:653,0
DA:660,0
DA:668,0
DA:685,0
DA:710,0
DA:733,0
DA:738,0
DA:741,0
DA:770,0
DA:778,0
DA:796,0
DA:803,0
DA:804,0
DA:805,0
DA:806,0
DA:808,0
DA:822,0
DA:859,0
DA:860,0
DA:862,0
DA:870,0
DA:890,0
DA:920,0
DA:921,0
DA:922,0
DA:923,0
DA:924,0
DA:925,0
DA:943,0
DA:955,0
DA:962,0
DA:972,0
DA:973,0
DA:974,0
DA:992,0
DA:993,0
DA:1008,0
DA:1009,0
DA:1018,0
DA:1019,0
DA:1045,0
DA:1061,0
DA:1062,0
DA:1063,0
DA:1064,0
DA:1065,0
DA:1066,0
DA:1067,0
DA:1087,0
DA:1094,0
DA:1108,0
DA:1126,0
DA:1131,0
DA:1148,0
DA:1157,0
DA:1161,0
DA:1172,0
DA:1176,0
DA:1199,0
DA:1231,0
DA:1298,0
DA:1316,0
DA:1317,0
DA:1318,0
DA:1320,0
DA:1321,0
DA:1322,0
DA:1325,0
DA:1326,0
DA:1327,0
DA:1328,0
DA:1331,0
DA:1337,0
DA:1342,0
DA:1359,0
DA:1368,0
DA:1369,0
DA:1371,0
LF:190
LH:0
BRDA:76,0,0,0
BRDA:76,0,1,0
BRDA:79,1,0,0
BRDA:79,1,1,0
BRDA:92,2,0,0
BRDA:92,2,1,0
BRDA:154,3,0,0
BRDA:154,3,1,0
BRDA:171,4,0,0
BRDA:171,4,1,0
BRDA:173,5,0,0
BRDA:173,5,1,0
BRDA:173,5,2,0
BRDA:173,5,3,0
BRDA:194,6,0,0
BRDA:194,6,1,0
BRDA:195,7,0,0
BRDA:195,7,1,0
BRDA:201,8,0,0
BRDA:201,8,1,0
BRDA:202,9,0,0
BRDA:202,9,1,0
BRDA:212,10,0,0
BRDA:212,10,1,0
BRDA:212,11,0,0
BRDA:212,11,1,0
BRDA:218,12,0,0
BRDA:218,12,1,0
BRDA:222,13,0,0
BRDA:222,13,1,0
BRDA:257,14,0,0
BRDA:257,14,1,0
BRDA:274,15,0,0
BRDA:274,15,1,0
BRDA:274,16,0,0
BRDA:274,16,1,0
BRDA:274,17,0,0
BRDA:274,17,1,0
BRDA:274,18,0,0
BRDA:274,18,1,0
BRDA:275,19,0,0
BRDA:275,19,1,0
BRDA:286,20,0,0
BRDA:286,20,1,0
BRDA:390,21,0,0
BRDA:390,21,1,0
BRDA:390,22,0,0
BRDA:390,22,1,0
BRDA:406,23,0,0
BRDA:406,23,1,0
BRDA:433,24,0,0
BRDA:433,24,1,0
BRDA:433,25,0,0
BRDA:433,25,1,0
BRDA:433,26,0,0
BRDA:433,26,1,0
BRDA:439,27,0,0
BRDA:439,27,1,0
BRDA:439,28,0,0
BRDA:439,28,1,0
BRDA:439,29,0,0
BRDA:439,29,1,0
BRDA:494,30,0,0
BRDA:494,30,1,0
BRDA:497,31,0,0
BRDA:497,31,1,0
BRDA:519,32,0,0
BRDA:519,32,1,0
BRDA:522,33,0,0
BRDA:522,33,1,0
BRDA:528,34,0,0
BRDA:528,34,1,0
BRDA:565,35,0,0
BRDA:565,35,1,0
BRDA:595,36,0,0
BRDA:595,36,1,0
BRDA:604,37,0,0
BRDA:604,37,1,0
BRDA:634,38,0,0
BRDA:634,38,1,0
BRDA:711,39,0,0
BRDA:711,39,1,0
BRDA:720,40,0,0
BRDA:720,40,1,0
BRDA:746,41,0,0
BRDA:746,41,1,0
BRDA:772,42,0,0
BRDA:772,42,1,0
BRDA:773,43,0,0
BRDA:773,43,1,0
BRDA:773,44,0,0
BRDA:773,44,1,0
BRDA:780,45,0,0
BRDA:780,45,1,0
BRDA:781,46,0,0
BRDA:781,46,1,0
BRDA:781,47,0,0
BRDA:781,47,1,0
BRDA:804,48,0,0
BRDA:804,48,1,0
BRDA:806,49,0,0
BRDA:806,49,1,0
BRDA:862,50,0,0
BRDA:862,50,1,0
BRDA:862,51,0,0
BRDA:862,51,1,0
BRDA:863,52,0,0
BRDA:863,52,1,0
BRDA:870,53,0,0
BRDA:870,53,1,0
BRDA:874,54,0,0
BRDA:874,54,1,0
BRDA:874,55,0,0
BRDA:874,55,1,0
BRDA:876,56,0,0
BRDA:876,56,1,0
BRDA:896,57,0,0
BRDA:896,57,1,0
BRDA:896,57,2,0
BRDA:943,58,0,0
BRDA:943,58,1,0
BRDA:944,59,0,0
BRDA:944,59,1,0
BRDA:977,60,0,0
BRDA:977,60,1,0
BRDA:993,61,0,0
BRDA:993,61,1,0
BRDA:994,62,0,0
BRDA:994,62,1,0
BRDA:999,63,0,0
BRDA:999,63,1,0
BRDA:1003,64,0,0
BRDA:1003,64,1,0
BRDA:1099,65,0,0
BRDA:1099,65,1,0
BRDA:1107,66,0,0
BRDA:1107,66,1,0
BRDA:1107,67,0,0
BRDA:1107,67,1,0
BRDA:1107,68,0,0
BRDA:1107,68,1,0
BRDA:1108,69,0,0
BRDA:1108,69,1,0
BRDA:1129,70,0,0
BRDA:1129,70,1,0
BRDA:1131,71,0,0
BRDA:1131,71,1,0
BRDA:1147,72,0,0
BRDA:1147,72,1,0
BRDA:1203,73,0,0
BRDA:1203,73,1,0
BRDA:1203,74,0,0
BRDA:1203,74,1,0
BRDA:1327,75,0,0
BRDA:1327,75,1,0
BRDA:1340,76,0,0
BRDA:1340,76,1,0
BRDA:1345,77,0,0
BRDA:1345,77,1,0
BRDA:1356,78,0,0
BRDA:1356,78,1,0
BRDA:1362,79,0,0
BRDA:1362,79,1,0
BRDA:1363,80,0,0
BRDA:1363,80,1,0
BRDA:1364,81,0,0
BRDA:1364,81,1,0
BRDA:1365,82,0,0
BRDA:1365,82,1,0
BRDA:1374,83,0,0
BRDA:1374,83,1,0
BRDA:1379,84,0,0
BRDA:1379,84,1,0
BRF:173
BRH:0
end_of_record
TN:
SF:app/layout.tsx
FN:59,RootLayout
FNF:1
FNH:0
FNDA:0,RootLayout
DA:18,0
DA:24,0
DA:31,0
DA:64,0
LF:4
LH:0
BRDA:37,0,0,0
BRDA:37,0,1,0
BRF:2
BRH:0
end_of_record
TN:
SF:app/mast.tsx
FN:18,Mast
FN:30,(anonymous_1)
FN:44,BrandFoot
FNF:3
FNH:0
FNDA:0,Mast
FNDA:0,(anonymous_1)
FNDA:0,BrandFoot
DA:11,0
DA:19,0
DA:31,0
DA:45,0
LF:4
LH:0
BRDA:31,0,0,0
BRDA:31,0,1,0
BRDA:32,1,0,0
BRDA:32,1,1,0
BRF:4
BRH:0
end_of_record
TN:
SF:app/page.tsx
FN:9,Landing
FNF:1
FNH:0
FNDA:0,Landing
DA:10,0
LF:1
LH:0
BRF:0
BRH:0
end_of_record
TN:
SF:app/robots.ts
FN:13,robots
FNF:1
FNH:0
FNDA:0,robots
DA:9,0
DA:14,0
LF:2
LH:0
BRDA:9,0,0,0
BRDA:9,0,1,0
BRF:2
BRH:0
end_of_record
TN:
SF:app/sitemap.ts
FN:13,sitemap
FN:14,(anonymous_1)
FNF:2
FNH:0
FNDA:0,sitemap
FNDA:0,(anonymous_1)
DA:9,0
DA:14,0
LF:2
LH:0
BRDA:9,0,0,0
BRDA:9,0,1,0
BRDA:17,1,0,0
BRDA:17,1,1,0
BRF:4
BRH:0
end_of_record
TN:
SF:app/welcome.tsx
FN:56,GitHubIcon
FN:64,CopyButton
FN:67,(anonymous_2)
FN:68,(anonymous_3)
FN:71,(anonymous_4)
FN:88,Logo
FN:105,toConsole
FN:113,Welcome
FN:116,(anonymous_8)
FN:119,(anonymous_9)
FN:127,(anonymous_10)
FN:184,(anonymous_11)
FN:191,(anonymous_12)
FN:200,(anonymous_13)
FN:206,(anonymous_14)
FN:232,(anonymous_15)
FN:233,(anonymous_16)
FN:236,(anonymous_17)
FN:237,(anonymous_18)
FN:240,(anonymous_19)
FN:255,(anonymous_20)
FN:263,(anonymous_21)
FN:292,(anonymous_22)
FN:304,(anonymous_23)
FN:367,(anonymous_24)
FN:372,(anonymous_25)
FN:379,(anonymous_26)
FN:379,(anonymous_27)
FN:430,(anonymous_28)
FN:452,(anonymous_29)
FN:474,(anonymous_30)
FN:492,(anonymous_31)
FN:565,(anonymous_32)
FNF:33
FNH:0
FNDA:0,GitHubIcon
FNDA:0,CopyButton
FNDA:0,(anonymous_2)
FNDA:0,(anonymous_3)
FNDA:0,(anonymous_4)
FNDA:0,Logo
FNDA:0,toConsole
FNDA:0,Welcome
FNDA:0,(anonymous_8)
FNDA:0,(anonymous_9)
FNDA:0,(anonymous_10)
FNDA:0,(anonymous_11)
FNDA:0,(anonymous_12)
FNDA:0,(anonymous_13)
FNDA:0,(anonymous_14)
FNDA:0,(anonymous_15)
FNDA:0,(anonymous_16)
FNDA:0,(anonymous_17)
FNDA:0,(anonymous_18)
FNDA:0,(anonymous_19)
FNDA:0,(anonymous_20)
FNDA:0,(anonymous_21)
FNDA:0,(anonymous_22)
FNDA:0,(anonymous_23)
FNDA:0,(anonymous_24)
FNDA:0,(anonymous_25)
FNDA:0,(anonymous_26)
FNDA:0,(anonymous_27)
FNDA:0,(anonymous_28)
FNDA:0,(anonymous_29)
FNDA:0,(anonymous_30)
FNDA:0,(anonymous_31)
FNDA:0,(anonymous_32)
DA:1,0
DA:17,0
DA:24,0
DA:30,0
DA:37,0
DA:46,0
DA:52,0
DA:53,0
DA:54,0
DA:57,0
DA:65,0
DA:66,0
DA:67,0
DA:68,0
DA:69,0
DA:70,0
DA:71,0
DA:73,0
DA:74,0
DA:76,0
DA:89,0
DA:106,0
DA:107,0
DA:108,0
DA:109,0
DA:110,0
DA:114,0
DA:116,0
DA:117,0
DA:118,0
DA:119,0
DA:120,0
DA:121,0
DA:124,0
DA:125,0
DA:126,0
DA:127,0
DA:128,0
DA:129,0
DA:130,0
DA:131,0
DA:132,0
DA:133,0
DA:134,0
DA:136,0
DA:137,0
DA:138,0
DA:139,0
DA:140,0
DA:141,0
DA:142,0
DA:143,0
DA:144,0
DA:147,0
DA:148,0
DA:149,0
DA:150,0
DA:151,0
DA:152,0
DA:153,0
DA:154,0
DA:156,0
DA:157,0
DA:158,0
DA:159,0
DA:161,0
DA:162,0
DA:167,0
DA:168,0
DA:169,0
DA:170,0
DA:171,0
DA:172,0
DA:173,0
DA:174,0
DA:182,0
DA:183,0
DA:184,0
DA:185,0
DA:186,0
DA:191,0
DA:192,0
DA:193,0
DA:194,0
DA:196,0
DA:199,0
DA:200,0
DA:201,0
DA:202,0
DA:204,0
DA:205,0
DA:206,0
DA:208,0
DA:209,0
DA:210,0
DA:211,0
DA:212,0
DA:213,0
DA:214,0
DA:215,0
DA:216,0
DA:218,0
DA:219,0
DA:220,0
DA:222,0
DA:224,0
DA:225,0
DA:226,0
DA:227,0
DA:232,0
DA:233,0
DA:234,0
DA:236,0
DA:237,0
DA:239,0
DA:240,0
DA:241,0
DA:242,0
DA:243,0
DA:250,0
DA:251,0
DA:252,0
DA:253,0
DA:254,0
DA:255,0
DA:256,0
DA:257,0
DA:260,0
DA:261,0
DA:263,0
DA:264,0
DA:265,0
DA:266,0
DA:267,0
DA:268,0
DA:269,0
DA:270,0
DA:271,0
DA:276,0
DA:277,0
DA:278,0
DA:279,0
DA:280,0
DA:281,0
DA:287,0
DA:288,0
DA:289,0
DA:292,0
DA:293,0
DA:294,0
DA:295,0
DA:296,0
DA:297,0
DA:298,0
DA:299,0
DA:301,0
DA:302,0
DA:304,0
DA:305,0
DA:306,0
DA:307,0
DA:308,0
DA:309,0
DA:310,0
DA:311,0
DA:312,0
DA:313,0
DA:315,0
DA:316,0
DA:317,0
DA:318,0
DA:319,0
DA:320,0
DA:321,0
DA:322,0
DA:323,0
DA:326,0
DA:327,0
DA:328,0
DA:329,0
DA:330,0
DA:331,0
DA:332,0
DA:333,0
DA:334,0
DA:335,0
DA:336,0
DA:337,0
DA:338,0
DA:339,0
DA:340,0
DA:341,0
DA:342,0
DA:343,0
DA:344,0
DA:345,0
DA:348,0
DA:349,0
DA:350,0
DA:351,0
DA:352,0
DA:353,0
DA:355,0
DA:356,0
DA:357,0
DA:358,0
DA:359,0
DA:360,0
DA:361,0
DA:362,0
DA:363,0
DA:366,0
DA:367,0
DA:368,0
DA:369,0
DA:371,0
DA:372,0
DA:373,0
DA:374,0
DA:379,0
DA:382,0
DA:431,0
DA:453,0
DA:475,0
DA:493,0
DA:566,0
LF:226
LH:0
BRDA:56,0,0,0
BRDA:73,1,0,0
BRDA:73,1,1,0
BRDA:77,2,0,0
BRDA:77,2,1,0
BRDA:82,3,0,0
BRDA:82,3,1,0
BRDA:107,4,0,0
BRDA:107,4,1,0
BRDA:118,5,0,0
BRDA:118,5,1,0
BRDA:132,6,0,0
BRDA:132,6,1,0
BRDA:134,7,0,0
BRDA:134,7,1,0
BRDA:137,8,0,0
BRDA:137,8,1,0
BRDA:141,9,0,0
BRDA:141,9,1,0
BRDA:141,10,0,0
BRDA:141,10,1,0
BRDA:152,11,0,0
BRDA:152,11,1,0
BRDA:157,12,0,0
BRDA:157,12,1,0
BRDA:162,13,0,0
BRDA:162,13,1,0
BRDA:162,14,0,0
BRDA:162,14,1,0
BRDA:167,15,0,0
BRDA:167,15,1,0
BRDA:168,16,0,0
BRDA:168,16,1,0
BRDA:172,17,0,0
BRDA:172,17,1,0
BRDA:172,18,0,0
BRDA:172,18,1,0
BRDA:204,19,0,0
BRDA:204,19,1,0
BRDA:204,20,0,0
BRDA:204,20,1,0
BRDA:204,20,2,0
BRDA:208,21,0,0
BRDA:208,21,1,0
BRDA:213,22,0,0
BRDA:213,22,1,0
BRDA:225,23,0,0
BRDA:225,23,1,0
BRDA:234,24,0,0
BRDA:234,24,1,0
BRDA:251,25,0,0
BRDA:251,25,1,0
BRDA:251,26,0,0
BRDA:251,26,1,0
BRDA:253,27,0,0
BRDA:253,27,1,0
BRDA:289,28,0,0
BRDA:289,28,1,0
BRDA:289,29,0,0
BRDA:289,29,1,0
BRDA:293,30,0,0
BRDA:293,30,1,0
BRDA:306,31,0,0
BRDA:306,31,1,0
BRDA:353,32,0,0
BRDA:353,32,1,0
BRF:66
BRH:0
end_of_record
TN:
SF:app/api/[transport]/route.ts
FN:9,route
FN:13,(anonymous_1)
FNF:2
FNH:2
FNDA:4,route
FNDA:3,(anonymous_1)
DA:4,1
DA:10,4
DA:13,3
LF:3
LH:3
BRDA:10,0,0,1
BRDA:10,0,1,3
BRF:2
BRH:2
end_of_record
TN:
SF:app/api/g/[secret]/[transport]/route.ts
FN:21,guest
FN:51,(anonymous_1)
FNF:2
FNH:2
FNDA:7,guest
FNDA:1,(anonymous_1)
DA:5,1
DA:27,7
DA:28,6
DA:29,6
DA:30,6
DA:31,6
DA:32,4
DA:35,2
DA:36,2
DA:37,1
DA:40,1
DA:41,1
DA:42,1
DA:43,1
DA:44,1
DA:51,7
LF:16
LH:16
BRDA:27,0,0,1
BRDA:27,0,1,6
BRDA:31,1,0,4
BRDA:31,1,1,2
BRDA:31,2,0,6
BRDA:31,2,1,5
BRDA:31,2,2,5
BRDA:31,2,3,4
BRDA:36,3,0,1
BRDA:36,3,1,1
BRDA:36,4,0,2
BRDA:36,4,1,2
BRDA:47,5,0,0
BRDA:47,5,1,1
BRDA:47,6,0,1
BRDA:47,6,1,1
BRF:16
BRH:15
end_of_record
TN:
SF:app/api/s/[secret]/[transport]/route.ts
FN:12,aliased
FN:37,(anonymous_1)
FNF:2
FNH:2
FNDA:8,aliased
FNDA:3,(anonymous_1)
DA:5,2
DA:18,8
DA:19,7
DA:20,7
DA:21,7
DA:22,7
DA:23,4
DA:25,3
DA:26,3
DA:27,3
DA:28,3
DA:29,3
DA:37,8
LF:13
LH:13
BRDA:18,0,0,1
BRDA:18,0,1,7
BRDA:22,1,0,4
BRDA:22,1,1,3
BRDA:22,2,0,7
BRDA:22,2,1,6
BRDA:22,2,2,5
BRDA:22,2,3,4
BRDA:32,3,0,0
BRDA:32,3,1,3
BRDA:32,4,0,3
BRDA:32,4,1,3
BRF:12
BRH:11
end_of_record
TN:
SF:app/guide/page.tsx
FN:15,Guide
FNF:1
FNH:0
FNDA:0,Guide
DA:4,0
DA:16,0
LF:2
LH:0
BRF:0
BRH:0
end_of_record
TN:
SF:app/map/route.ts
FN:14,(anonymous_0)
FN:52,(anonymous_1)
FN:59,GET
FNF:3
FNH:3
FNDA:1,(anonymous_0)
FNDA:1,(anonymous_1)
FNDA:6,GET
DA:14,1
DA:15,1
DA:26,1
DA:27,1
DA:28,1
DA:33,1
DA:34,0
DA:37,1
DA:52,1
DA:57,1
DA:60,6
LF:11
LH:10
BRDA:27,0,0,0
BRDA:27,0,1,1
BRDA:33,1,0,0
BRDA:33,1,1,1
BRF:4
BRH:2
end_of_record
TN:
SF:app/s/[secret]/console/band.tsx
FN:20,Band
FNF:1
FNH:0
FNDA:0,Band
DA:14,0
DA:40,0
LF:2
LH:0
BRDA:25,0,0,0
BRDA:26,1,0,0
BRDA:42,2,0,0
BRDA:42,2,1,0
BRDA:49,3,0,0
BRDA:49,3,1,0
BRDA:50,4,0,0
BRDA:50,4,1,0
BRF:8
BRH:0
end_of_record
TN:
SF:app/s/[secret]/console/clock.tsx
FN:4,Clock
FN:6,(anonymous_1)
FN:7,(anonymous_2)
FN:10,(anonymous_3)
FNF:4
FNH:0
FNDA:0,Clock
FNDA:0,(anonymous_1)
FNDA:0,(anonymous_2)
FNDA:0,(anonymous_3)
DA:1,0
DA:5,0
DA:6,0
DA:7,0
DA:8,0
DA:9,0
DA:10,0
DA:12,0
LF:8
LH:0
BRDA:12,0,0,0
BRDA:12,0,1,0
BRF:2
BRH:0
end_of_record
TN:
SF:app/s/[secret]/console/deployment.tsx
FN:22,Deployment
FN:42,(anonymous_1)
FN:69,(anonymous_2)
FNF:3
FNH:0
FNDA:0,Deployment
FNDA:0,(anonymous_1)
FNDA:0,(anonymous_2)
DA:23,0
DA:24,0
DA:25,0
DA:27,0
DA:42,0
DA:62,0
DA:70,0
LF:7
LH:0
BRDA:24,0,0,0
BRDA:24,0,1,0
BRDA:28,1,0,0
BRDA:28,1,1,0
BRDA:29,2,0,0
BRDA:29,2,1,0
BRDA:30,3,0,0
BRDA:30,3,1,0
BRDA:33,4,0,0
BRDA:33,4,1,0
BRDA:35,5,0,0
BRDA:35,5,1,0
BRDA:38,6,0,0
BRDA:38,6,1,0
BRDA:41,7,0,0
BRDA:41,7,1,0
BRDA:44,8,0,0
BRDA:44,8,1,0
BRDA:45,9,0,0
BRDA:45,9,1,0
BRDA:50,10,0,0
BRDA:50,10,1,0
BRDA:52,11,0,0
BRDA:52,11,1,0
BRDA:57,12,0,0
BRDA:57,12,1,0
BRDA:59,13,0,0
BRDA:59,13,1,0
BRDA:72,14,0,0
BRDA:72,14,1,0
BRF:30
BRH:0
end_of_record
TN:
SF:app/s/[secret]/console/kinetic.tsx
FN:19,Kinetic
FN:20,(anonymous_1)
FN:31,(anonymous_2)
FN:33,(anonymous_3)
FN:52,(anonymous_4)
FN:54,(anonymous_5)
FN:64,(anonymous_6)
FN:71,(anonymous_7)
FN:72,(anonymous_8)
FNF:9
FNH:0
FNDA:0,Kinetic
FNDA:0,(anonymous_1)
FNDA:0,(anonymous_2)
FNDA:0,(anonymous_3)
FNDA:0,(anonymous_4)
FNDA:0,(anonymous_5)
FNDA:0,(anonymous_6)
FNDA:0,(anonymous_7)
FNDA:0,(anonymous_8)
DA:1,0
DA:20,0
DA:21,0
DA:22,0
DA:23,0
DA:29,0
DA:30,0
DA:31,0
DA:32,0
DA:33,0
DA:35,0
DA:36,0
DA:37,0
DA:38,0
DA:51,0
DA:52,0
DA:53,0
DA:54,0
DA:55,0
DA:56,0
DA:57,0
DA:58,0
DA:59,0
DA:63,0
DA:64,0
DA:65,0
DA:66,0
DA:67,0
DA:70,0
DA:71,0
DA:72,0
DA:73,0
DA:74,0
DA:77,0
LF:34
LH:0
BRDA:22,0,0,0
BRDA:22,0,1,0
BRDA:23,1,0,0
BRDA:23,1,1,0
BRDA:32,2,0,0
BRDA:32,2,1,0
BRDA:36,3,0,0
BRDA:36,3,1,0
BRDA:57,4,0,0
BRDA:57,4,1,0
BRDA:58,5,0,0
BRDA:58,5,1,0
BRDA:70,6,0,0
BRDA:70,6,1,0
BRF:14
BRH:0
end_of_record
TN:
SF:app/s/[secret]/console/layout.tsx
FN:67,ConsoleLayout
FN:83,(anonymous_1)
FN:127,(anonymous_2)
FNF:3
FNH:0
FNDA:0,ConsoleLayout
FNDA:0,(anonymous_1)
FNDA:0,(anonymous_2)
DA:11,0
DA:12,0
DA:46,0
DA:61,0
DA:74,0
DA:81,0
DA:83,0
DA:91,0
DA:92,0
DA:93,0
DA:95,0
DA:128,0
LF:12
LH:0
BRDA:92,0,0,0
BRDA:92,0,1,0
BRDA:92,1,0,0
BRDA:92,1,1,0
BRDA:93,2,0,0
BRDA:93,2,1,0
BRDA:121,3,0,0
BRDA:121,3,1,0
BRF:8
BRH:0
end_of_record
TN:
SF:app/s/[secret]/console/loaders.ts
FN:23,(anonymous_0)
FN:32,(anonymous_1)
FN:33,(anonymous_2)
FNF:3
FNH:0
FNDA:0,(anonymous_0)
FNDA:0,(anonymous_1)
FNDA:0,(anonymous_2)
DA:19,0
DA:23,0
DA:32,0
DA:33,0
DA:34,0
DA:35,0
LF:6
LH:0
BRF:0
BRH:0
end_of_record
TN:
SF:app/s/[secret]/console/loading.tsx
FN:21,Loading
FN:43,(anonymous_1)
FN:53,(anonymous_2)
FNF:3
FNH:0
FNDA:0,Loading
FNDA:0,(anonymous_1)
FNDA:0,(anonymous_2)
DA:22,0
DA:44,0
DA:54,0
LF:3
LH:0
BRF:0
BRH:0
end_of_record
TN:
SF:app/s/[secret]/console/post-gate.ts
FN:14,bad
FN:18,gateConsolePost
FNF:2
FNH:2
FNDA:35,bad
FNDA:54,gateConsolePost
DA:15,35
DA:22,54
DA:23,54
DA:24,54
DA:26,5
DA:32,49
DA:33,2
DA:39,47
DA:40,47
DA:42,41
DA:43,41
DA:45,0
DA:47,41
DA:48,41
DA:52,44
DA:53,44
DA:55,1
DA:59,43
DA:60,1
DA:62,42
LF:20
LH:19
BRDA:14,0,0,35
BRDA:24,1,0,5
BRDA:24,1,1,49
BRDA:24,2,0,54
BRDA:24,2,1,53
BRDA:32,3,0,2
BRDA:32,3,1,47
BRDA:40,4,0,41
BRDA:40,4,1,6
BRDA:48,5,0,3
BRDA:48,5,1,38
BRDA:59,6,0,1
BRDA:59,6,1,42
BRDA:59,7,0,43
BRDA:59,7,1,43
BRDA:59,7,2,43
BRF:16
BRH:16
end_of_record
TN:
SF:app/s/[secret]/console/reveal.tsx
FN:16,Reveal
FN:32,(anonymous_1)
FNF:2
FNH:0
FNDA:0,Reveal
FNDA:0,(anonymous_1)
DA:1,0
DA:25,0
DA:26,0
DA:32,0
LF:4
LH:0
BRDA:19,0,0,0
BRDA:27,1,0,0
BRDA:27,1,1,0
BRDA:30,2,0,0
BRDA:30,2,1,0
BRDA:37,3,0,0
BRDA:37,3,1,0
BRF:7
BRH:0
end_of_record
TN:
SF:app/s/[secret]/console/route.ts
FN:27,stampedRedirect
FN:49,promptPage
FN:114,lockedPage
FN:147,secretOk
FN:152,GET
FN:165,POST
FNF:6
FNH:6
FNDA:3,stampedRedirect
FNDA:6,promptPage
FNDA:2,lockedPage
FNDA:15,secretOk
FNDA:5,GET
FNDA:10,POST
DA:23,1
DA:25,1
DA:28,3
DA:32,3
DA:36,3
DA:37,3
DA:38,3
DA:50,6
DA:51,6
DA:106,6
DA:115,2
DA:141,2
DA:148,15
DA:149,15
DA:156,5
DA:157,5
DA:158,4
DA:159,1
DA:161,3
DA:162,2
DA:169,10
DA:170,10
DA:174,9
DA:175,9
DA:177,2
DA:178,2
DA:180,0
DA:182,2
DA:183,2
DA:186,8
DA:189,7
DA:190,7
DA:191,6
DA:193,1
DA:198,6
DA:199,10
DA:200,2
DA:202,2
DA:205,4
DA:206,2
DA:209,2
DA:210,2
DA:211,2
LF:43
LH:42
BRDA:50,0,0,4
BRDA:50,0,1,2
BRDA:149,1,0,15
BRDA:149,1,1,15
BRDA:157,2,0,1
BRDA:157,2,1,4
BRDA:158,3,0,1
BRDA:158,3,1,3
BRDA:161,4,0,1
BRDA:161,4,1,2
BRDA:170,5,0,1
BRDA:170,5,1,9
BRDA:175,6,0,2
BRDA:175,6,1,7
BRDA:183,7,0,1
BRDA:183,7,1,1
BRDA:186,8,0,1
BRDA:186,8,1,7
BRDA:191,9,0,6
BRDA:191,9,1,0
BRDA:198,10,0,6
BRDA:198,10,1,0
BRDA:199,11,0,2
BRDA:199,11,1,8
BRDA:205,12,0,2
BRDA:205,12,1,2
BRF:26
BRH:24
end_of_record
TN:
SF:app/s/[secret]/console/tabs.tsx
FN:23,Tabs
FN:28,(anonymous_1)
FNF:2
FNH:0
FNDA:0,Tabs
FNDA:0,(anonymous_1)
DA:1,0
DA:11,0
DA:21,0
DA:24,0
DA:25,0
DA:26,0
DA:29,0
LF:7
LH:0
BRDA:24,0,0,0
BRDA:24,0,1,0
BRDA:24,1,0,0
BRDA:24,1,1,0
BRDA:25,2,0,0
BRDA:25,2,1,0
BRDA:32,3,0,0
BRDA:32,3,1,0
BRDA:33,4,0,0
BRDA:33,4,1,0
BRDA:36,5,0,0
BRDA:36,5,1,0
BRDA:36,5,2,0
BRF:13
BRH:0
end_of_record
TN:
SF:app/s/[secret]/console/ask/ask-client.tsx
FN:39,stampTone
FN:49,runUrl
FN:56,AskClient
FN:62,submit
FN:77,(anonymous_4)
FN:101,(anonymous_5)
FNF:6
FNH:0
FNDA:0,stampTone
FNDA:0,runUrl
FNDA:0,AskClient
FNDA:0,submit
FNDA:0,(anonymous_4)
FNDA:0,(anonymous_5)
DA:1,0
DA:40,0
DA:41,0
DA:42,0
DA:43,0
DA:44,0
DA:50,0
DA:51,0
DA:52,0
DA:53,0
DA:57,0
DA:58,0
DA:59,0
DA:60,0
DA:63,0
DA:64,0
DA:65,0
DA:66,0
DA:67,0
DA:68,0
DA:72,0
DA:77,0
DA:78,0
DA:79,0
DA:80,0
DA:82,0
DA:84,0
DA:86,0
DA:90,0
DA:101,0
LF:30
LH:0
BRDA:41,0,0,0
BRDA:41,0,1,0
BRDA:41,1,0,0
BRDA:41,1,1,0
BRDA:42,2,0,0
BRDA:42,2,1,0
BRDA:43,3,0,0
BRDA:43,3,1,0
BRDA:52,4,0,0
BRDA:52,4,1,0
BRDA:57,5,0,0
BRDA:57,5,1,0
BRDA:64,6,0,0
BRDA:64,6,1,0
BRDA:64,7,0,0
BRDA:64,7,1,0
BRDA:78,8,0,0
BRDA:78,8,1,0
BRDA:79,9,0,0
BRDA:79,9,1,0
BRDA:107,10,0,0
BRDA:107,10,1,0
BRDA:108,11,0,0
BRDA:108,11,1,0
BRDA:115,12,0,0
BRDA:115,12,1,0
BRDA:117,13,0,0
BRDA:117,13,1,0
BRDA:124,14,0,0
BRDA:124,14,1,0
BRDA:130,15,0,0
BRDA:130,15,1,0
BRDA:135,16,0,0
BRDA:135,16,1,0
BRDA:141,17,0,0
BRDA:141,17,1,0
BRDA:146,18,0,0
BRDA:146,18,1,0
BRDA:160,19,0,0
BRDA:160,19,1,0
BRF:40
BRH:0
end_of_record
TN:
SF:app/s/[secret]/console/ask/page.tsx
FN:42,Ask
FN:67,(anonymous_1)
FN:72,(anonymous_2)
FN:73,(anonymous_3)
FN:74,(anonymous_4)
FN:75,(anonymous_5)
FN:75,(anonymous_6)
FN:86,(anonymous_7)
FN:87,(anonymous_8)
FN:88,(anonymous_9)
FN:94,(anonymous_10)
FN:110,(anonymous_11)
FN:149,(anonymous_12)
FNF:13
FNH:0
FNDA:0,Ask
FNDA:0,(anonymous_1)
FNDA:0,(anonymous_2)
FNDA:0,(anonymous_3)
FNDA:0,(anonymous_4)
FNDA:0,(anonymous_5)
FNDA:0,(anonymous_6)
FNDA:0,(anonymous_7)
FNDA:0,(anonymous_8)
FNDA:0,(anonymous_9)
FNDA:0,(anonymous_10)
FNDA:0,(anonymous_11)
FNDA:0,(anonymous_12)
DA:11,0
DA:12,0
DA:13,0
DA:27,0
DA:49,0
DA:53,0
DA:54,0
DA:55,0
DA:56,0
DA:57,0
DA:63,0
DA:64,0
DA:65,0
DA:66,0
DA:67,0
DA:71,0
DA:72,0
DA:73,0
DA:74,0
DA:75,0
DA:76,0
DA:86,0
DA:87,0
DA:88,0
DA:94,0
DA:95,0
DA:103,0
DA:104,0
DA:108,0
DA:109,0
DA:110,0
DA:112,0
DA:150,0
DA:151,0
LF:34
LH:0
BRDA:57,0,0,0
BRDA:57,0,1,0
BRDA:84,1,0,0
BRDA:84,1,1,0
BRDA:89,2,0,0
BRDA:89,2,1,0
BRDA:95,3,0,0
BRDA:95,3,1,0
BRDA:96,4,0,0
BRDA:96,4,1,0
BRDA:98,5,0,0
BRDA:98,5,1,0
BRDA:98,6,0,0
BRDA:98,6,1,0
BRDA:98,7,0,0
BRDA:98,7,1,0
BRDA:99,8,0,0
BRDA:99,8,1,0
BRDA:150,9,0,0
BRDA:150,9,1,0
BRDA:154,10,0,0
BRDA:154,10,1,0
BRDA:156,11,0,0
BRDA:156,11,1,0
BRDA:157,12,0,0
BRDA:157,12,1,0
BRDA:159,13,0,0
BRDA:159,13,1,0
BRDA:160,14,0,0
BRDA:160,14,1,0
BRF:30
BRH:0
end_of_record
TN:
SF:app/s/[secret]/console/ask/run/route.ts
FN:30,POST
FNF:1
FNH:0
FNDA:0,POST
DA:23,0
DA:24,0
DA:27,0
DA:28,0
DA:34,0
DA:35,0
DA:37,0
DA:38,0
DA:39,0
DA:41,0
DA:42,0
DA:48,0
DA:49,0
DA:50,0
DA:52,0
DA:53,0
DA:54,0
DA:60,0
DA:61,0
DA:88,0
LF:20
LH:0
BRDA:35,0,0,0
BRDA:35,0,1,0
BRDA:37,1,0,0
BRDA:37,1,1,0
BRDA:38,2,0,0
BRDA:38,2,1,0
BRDA:39,3,0,0
BRDA:39,3,1,0
BRDA:41,4,0,0
BRDA:41,4,1,0
BRDA:50,5,0,0
BRDA:50,5,1,0
BRDA:50,6,0,0
BRDA:50,6,1,0
BRDA:69,7,0,0
BRDA:69,7,1,0
BRDA:74,8,0,0
BRDA:74,8,1,0
BRDA:78,9,0,0
BRDA:78,9,1,0
BRDA:79,10,0,0
BRDA:79,10,1,0
BRDA:88,11,0,0
BRDA:88,11,1,0
BRF:24
BRH:0
end_of_record
TN:
SF:app/s/[secret]/console/attention/attention-client.tsx
FN:10,pillClass
FN:15,AttentionClient
FN:29,act
FN:38,(anonymous_3)
FN:44,(anonymous_4)
FN:60,(anonymous_5)
FN:63,(anonymous_6)
FN:109,(anonymous_7)
FN:111,(anonymous_8)
FN:112,(anonymous_9)
FN:156,(anonymous_10)
FN:168,(anonymous_11)
FN:191,(anonymous_12)
FNF:13
FNH:0
FNDA:0,pillClass
FNDA:0,AttentionClient
FNDA:0,act
FNDA:0,(anonymous_3)
FNDA:0,(anonymous_4)
FNDA:0,(anonymous_5)
FNDA:0,(anonymous_6)
FNDA:0,(anonymous_7)
FNDA:0,(anonymous_8)
FNDA:0,(anonymous_9)
FNDA:0,(anonymous_10)
FNDA:0,(anonymous_11)
FNDA:0,(anonymous_12)
DA:1,0
DA:11,0
DA:16,0
DA:17,0
DA:18,0
DA:19,0
DA:20,0
DA:21,0
DA:30,0
DA:31,0
DA:32,0
DA:33,0
DA:38,0
DA:39,0
DA:40,0
DA:41,0
DA:43,0
DA:44,0
DA:46,0
DA:48,0
DA:51,0
DA:53,0
DA:61,0
DA:63,0
DA:110,0
DA:111,0
DA:112,0
DA:113,0
DA:156,0
DA:168,0
DA:191,0
LF:31
LH:0
BRDA:11,0,0,0
BRDA:11,0,1,0
BRDA:11,1,0,0
BRDA:11,1,1,0
BRDA:39,2,0,0
BRDA:39,2,1,0
BRDA:40,3,0,0
BRDA:40,3,1,0
BRDA:43,4,0,0
BRDA:43,4,1,0
BRDA:46,5,0,0
BRDA:46,5,1,0
BRDA:57,6,0,0
BRDA:57,6,1,0
BRDA:62,7,0,0
BRDA:62,7,1,0
BRDA:72,8,0,0
BRDA:72,8,1,0
BRDA:117,9,0,0
BRDA:117,9,1,0
BRDA:146,10,0,0
BRDA:146,10,1,0
BRDA:146,10,2,0
BRDA:146,10,3,0
BRDA:146,10,4,0
BRDA:151,11,0,0
BRDA:151,11,1,0
BRDA:158,12,0,0
BRDA:158,12,1,0
BRDA:166,13,0,0
BRDA:166,13,1,0
BRDA:170,14,0,0
BRDA:170,14,1,0
BRDA:172,15,0,0
BRDA:172,15,1,0
BRDA:181,16,0,0
BRDA:181,16,1,0
BRDA:182,17,0,0
BRDA:182,17,1,0
BRDA:193,18,0,0
BRDA:193,18,1,0
BRDA:197,19,0,0
BRDA:197,19,1,0
BRDA:198,20,0,0
BRDA:198,20,1,0
BRF:45
BRH:0
end_of_record
TN:
SF:app/s/[secret]/console/attention/page.tsx
FN:26,Attention
FN:82,(anonymous_1)
FNF:2
FNH:0
FNDA:0,Attention
FNDA:0,(anonymous_1)
DA:8,0
DA:9,0
DA:10,0
DA:31,0
DA:34,0
DA:35,0
DA:39,0
DA:40,0
DA:41,0
DA:83,0
LF:10
LH:0
BRDA:52,0,0,0
BRDA:52,0,1,0
BRDA:53,1,0,0
BRDA:53,1,1,0
BRDA:57,2,0,0
BRDA:57,2,1,0
BRDA:62,3,0,0
BRDA:62,3,1,0
BRDA:64,4,0,0
BRDA:64,4,1,0
BRDA:86,5,0,0
BRDA:86,5,1,0
BRF:12
BRH:0
end_of_record
TN:
SF:app/s/[secret]/console/attention/proposals-client.tsx
FN:26,url
FN:31,ProposalsClient
FN:38,act
FN:48,(anonymous_3)
FN:52,(anonymous_4)
FN:81,(anonymous_5)
FN:87,(anonymous_6)
FN:112,(anonymous_7)
FN:120,(anonymous_8)
FNF:9
FNH:0
FNDA:0,url
FNDA:0,ProposalsClient
FNDA:0,act
FNDA:0,(anonymous_3)
FNDA:0,(anonymous_4)
FNDA:0,(anonymous_5)
FNDA:0,(anonymous_6)
FNDA:0,(anonymous_7)
FNDA:0,(anonymous_8)
DA:1,0
DA:27,0
DA:28,0
DA:32,0
DA:33,0
DA:34,0
DA:35,0
DA:36,0
DA:39,0
DA:40,0
DA:41,0
DA:42,0
DA:47,0
DA:48,0
DA:49,0
DA:50,0
DA:52,0
DA:54,0
DA:56,0
DA:60,0
DA:62,0
DA:82,0
DA:87,0
DA:112,0
DA:120,0
LF:25
LH:0
BRDA:36,0,0,0
BRDA:36,0,1,0
BRDA:47,1,0,0
BRDA:47,1,1,0
BRDA:49,2,0,0
BRDA:49,2,1,0
BRDA:60,3,0,0
BRDA:60,3,1,0
BRDA:72,4,0,0
BRDA:72,4,1,0
BRDA:74,5,0,0
BRDA:74,5,1,0
BRDA:87,6,0,0
BRDA:87,6,1,0
BRDA:92,7,0,0
BRDA:92,7,1,0
BRDA:97,8,0,0
BRDA:97,8,1,0
BRDA:99,9,0,0
BRDA:99,9,1,0
BRDA:114,10,0,0
BRDA:114,10,1,0
BRDA:122,11,0,0
BRDA:122,11,1,0
BRF:24
BRH:0
end_of_record
TN:
SF:app/s/[secret]/console/attention/queue/route.ts
FN:36,GET
FN:49,(anonymous_1)
FN:50,(anonymous_2)
FN:51,(anonymous_3)
FN:54,(anonymous_4)
FN:55,(anonymous_5)
FNF:6
FNH:6
FNDA:3,GET
FNDA:3,(anonymous_1)
FNDA:1,(anonymous_2)
FNDA:2,(anonymous_3)
FNDA:3,(anonymous_4)
FNDA:1,(anonymous_5)
DA:33,1
DA:34,1
DA:40,3
DA:41,3
DA:42,3
DA:44,2
DA:47,1
DA:48,1
DA:49,3
DA:50,1
DA:51,2
DA:53,1
DA:54,3
DA:55,1
DA:57,1
LF:15
LH:15
BRDA:42,0,0,2
BRDA:42,0,1,1
BRDA:42,1,0,3
BRDA:42,1,1,2
BRDA:50,2,0,1
BRDA:50,2,1,0
BRF:6
BRH:5
end_of_record
TN:
SF:app/s/[secret]/console/attention/verify/route.ts
FN:45,POST
FNF:1
FNH:1
FNDA:6,POST
DA:38,1
DA:49,6
DA:50,6
DA:51,6
DA:53,6
DA:54,6
DA:55,0
DA:59,6
DA:60,6
DA:62,0
DA:70,6
DA:71,3
DA:77,3
DA:81,3
DA:83,0
DA:88,3
DA:93,6
DA:94,1
DA:95,2
DA:98,0
DA:100,2
DA:101,2
DA:104,1
DA:108,1
DA:111,2
DA:114,0
DA:117,2
DA:118,2
DA:119,2
DA:121,0
LF:30
LH:24
BRDA:50,0,0,0
BRDA:50,0,1,6
BRDA:53,1,0,0
BRDA:53,1,1,6
BRDA:53,2,0,6
BRDA:53,2,1,6
BRDA:54,3,0,0
BRDA:54,3,1,6
BRDA:54,4,0,6
BRDA:54,4,1,3
BRDA:54,4,2,1
BRDA:62,5,0,0
BRDA:62,5,1,0
BRDA:70,6,0,3
BRDA:70,6,1,3
BRDA:83,7,0,0
BRDA:83,7,1,0
BRDA:89,8,0,3
BRDA:89,8,1,3
BRDA:93,9,0,1
BRDA:93,9,1,2
BRDA:95,10,0,0
BRDA:95,10,1,2
BRDA:101,11,0,1
BRDA:101,11,1,1
BRDA:111,12,0,0
BRDA:111,12,1,2
BRDA:121,13,0,0
BRDA:121,13,1,0
BRF:29
BRH:18
end_of_record
TN:
SF:app/s/[secret]/console/corpus/corpus-screen.tsx
FN:28,CorpusScreen
FN:54,(anonymous_1)
FN:62,(anonymous_2)
FN:65,(anonymous_3)
FN:66,(anonymous_4)
FN:70,onPin
FN:79,(anonymous_6)
FN:81,(anonymous_7)
FN:95,(anonymous_8)
FN:153,(anonymous_9)
FN:182,(anonymous_10)
FN:184,(anonymous_11)
FN:185,(anonymous_12)
FN:218,(anonymous_13)
FNF:14
FNH:0
FNDA:0,CorpusScreen
FNDA:0,(anonymous_1)
FNDA:0,(anonymous_2)
FNDA:0,(anonymous_3)
FNDA:0,(anonymous_4)
FNDA:0,onPin
FNDA:0,(anonymous_6)
FNDA:0,(anonymous_7)
FNDA:0,(anonymous_8)
FNDA:0,(anonymous_9)
FNDA:0,(anonymous_10)
FNDA:0,(anonymous_11)
FNDA:0,(anonymous_12)
FNDA:0,(anonymous_13)
DA:1,0
DA:47,0
DA:48,0
DA:49,0
DA:50,0
DA:51,0
DA:52,0
DA:54,0
DA:55,0
DA:56,0
DA:57,0
DA:59,0
DA:62,0
DA:63,0
DA:65,0
DA:66,0
DA:67,0
DA:71,0
DA:72,0
DA:73,0
DA:74,0
DA:79,0
DA:80,0
DA:81,0
DA:84,0
DA:86,0
DA:90,0
DA:94,0
DA:95,0
DA:98,0
DA:105,0
DA:112,0
DA:130,0
DA:153,0
DA:182,0
DA:185,0
DA:186,0
DA:219,0
LF:38
LH:0
BRDA:57,0,0,0
BRDA:57,0,1,0
BRDA:63,1,0,0
BRDA:63,1,1,0
BRDA:63,2,0,0
BRDA:63,2,1,0
BRDA:66,3,0,0
BRDA:66,3,1,0
BRDA:77,4,0,0
BRDA:77,4,1,0
BRDA:80,5,0,0
BRDA:80,5,1,0
BRDA:80,6,0,0
BRDA:80,6,1,0
BRDA:81,7,0,0
BRDA:81,7,1,0
BRDA:87,8,0,0
BRDA:87,8,1,0
BRDA:98,9,0,0
BRDA:98,9,1,0
BRDA:100,10,0,0
BRDA:100,10,1,0
BRDA:102,11,0,0
BRDA:102,11,1,0
BRDA:105,12,0,0
BRDA:105,12,1,0
BRDA:106,13,0,0
BRDA:106,13,1,0
BRDA:107,14,0,0
BRDA:107,14,1,0
BRDA:108,15,0,0
BRDA:108,15,1,0
BRDA:112,16,0,0
BRDA:112,16,1,0
BRDA:118,17,0,0
BRDA:118,17,1,0
BRDA:122,18,0,0
BRDA:122,18,1,0
BRDA:143,19,0,0
BRDA:143,19,1,0
BRDA:153,20,0,0
BRDA:153,20,1,0
BRDA:156,21,0,0
BRDA:156,21,1,0
BRF:44
BRH:0
end_of_record
TN:
SF:app/s/[secret]/console/corpus/handoff-panel.tsx
FN:28,HandoffPanel
FN:34,run
FN:45,(anonymous_2)
FN:71,(anonymous_3)
FN:76,(anonymous_4)
FN:82,(anonymous_5)
FN:99,(anonymous_6)
FN:102,(anonymous_7)
FN:103,(anonymous_8)
FN:115,(anonymous_9)
FN:118,(anonymous_10)
FN:119,(anonymous_11)
FN:129,(anonymous_12)
FN:151,(anonymous_13)
FNF:14
FNH:0
FNDA:0,HandoffPanel
FNDA:0,run
FNDA:0,(anonymous_2)
FNDA:0,(anonymous_3)
FNDA:0,(anonymous_4)
FNDA:0,(anonymous_5)
FNDA:0,(anonymous_6)
FNDA:0,(anonymous_7)
FNDA:0,(anonymous_8)
FNDA:0,(anonymous_9)
FNDA:0,(anonymous_10)
FNDA:0,(anonymous_11)
FNDA:0,(anonymous_12)
FNDA:0,(anonymous_13)
DA:1,0
DA:15,0
DA:23,0
DA:29,0
DA:30,0
DA:31,0
DA:32,0
DA:35,0
DA:36,0
DA:37,0
DA:38,0
DA:40,0
DA:45,0
DA:46,0
DA:47,0
DA:49,0
DA:50,0
DA:52,0
DA:56,0
DA:57,0
DA:64,0
DA:71,0
DA:77,0
DA:82,0
DA:99,0
DA:102,0
DA:104,0
DA:115,0
DA:118,0
DA:120,0
DA:130,0
DA:152,0
LF:32
LH:0
BRDA:35,0,0,0
BRDA:35,0,1,0
BRDA:46,1,0,0
BRDA:46,1,1,0
BRDA:46,2,0,0
BRDA:46,2,1,0
BRDA:50,3,0,0
BRDA:50,3,1,0
BRDA:56,4,0,0
BRDA:56,4,1,0
BRDA:82,5,0,0
BRDA:82,5,1,0
BRDA:83,6,0,0
BRDA:83,6,1,0
BRDA:90,7,0,0
BRDA:90,7,1,0
BRDA:92,8,0,0
BRDA:92,8,1,0
BRDA:92,8,2,0
BRDA:105,9,0,0
BRDA:105,9,1,0
BRDA:121,10,0,0
BRDA:121,10,1,0
BRDA:125,11,0,0
BRDA:125,11,1,0
BRDA:125,12,0,0
BRDA:125,12,1,0
BRDA:139,13,0,0
BRDA:139,13,1,0
BRDA:145,14,0,0
BRDA:145,14,1,0
BRDA:145,14,2,0
BRDA:159,15,0,0
BRDA:159,15,1,0
BRDA:159,15,2,0
BRDA:159,15,3,0
BRF:36
BRH:0
end_of_record
TN:
SF:app/s/[secret]/console/corpus/heat-panel.tsx
FN:25,litCells
FN:32,ago
FN:47,tip
FN:61,byBandGroups
FN:62,(anonymous_4)
FN:64,(anonymous_5)
FN:65,(anonymous_6)
FN:76,HeatPanel
FN:81,(anonymous_8)
FN:86,(anonymous_9)
FN:90,(anonymous_10)
FN:94,(anonymous_11)
FN:98,(anonymous_12)
FN:109,(anonymous_13)
FNF:14
FNH:0
FNDA:0,litCells
FNDA:0,ago
FNDA:0,tip
FNDA:0,byBandGroups
FNDA:0,(anonymous_4)
FNDA:0,(anonymous_5)
FNDA:0,(anonymous_6)
FNDA:0,HeatPanel
FNDA:0,(anonymous_8)
FNDA:0,(anonymous_9)
FNDA:0,(anonymous_10)
FNDA:0,(anonymous_11)
FNDA:0,(anonymous_12)
FNDA:0,(anonymous_13)
DA:1,0
DA:23,0
DA:26,0
DA:27,0
DA:28,0
DA:33,0
DA:34,0
DA:35,0
DA:36,0
DA:37,0
DA:40,0
DA:48,0
DA:59,0
DA:62,0
DA:64,0
DA:65,0
DA:77,0
DA:78,0
DA:82,0
DA:86,0
DA:91,0
DA:92,0
DA:94,0
DA:99,0
DA:109,0
LF:25
LH:0
BRDA:26,0,0,0
BRDA:26,0,1,0
BRDA:27,1,0,0
BRDA:27,1,1,0
BRDA:33,2,0,0
BRDA:33,2,1,0
BRDA:35,3,0,0
BRDA:35,3,1,0
BRDA:36,4,0,0
BRDA:36,4,1,0
BRDA:50,5,0,0
BRDA:50,5,1,0
BRDA:50,6,0,0
BRDA:50,6,1,0
BRDA:51,7,0,0
BRDA:51,7,1,0
BRDA:52,8,0,0
BRDA:52,8,1,0
BRDA:53,9,0,0
BRDA:53,9,1,0
BRDA:53,10,0,0
BRDA:53,10,1,0
BRDA:64,11,0,0
BRDA:64,11,1,0
BRDA:87,12,0,0
BRDA:87,12,1,0
BRDA:93,13,0,0
BRDA:93,13,1,0
BRDA:99,14,0,0
BRDA:99,14,1,0
BRDA:102,15,0,0
BRDA:102,15,1,0
BRDA:104,16,0,0
BRDA:104,16,1,0
BRDA:107,17,0,0
BRDA:107,17,1,0
BRDA:109,18,0,0
BRDA:109,18,1,0
BRDA:110,19,0,0
BRDA:110,19,1,0
BRDA:112,20,0,0
BRDA:112,20,1,0
BRDA:123,21,0,0
BRDA:123,21,1,0
BRF:44
BRH:0
end_of_record
TN:
SF:app/s/[secret]/console/corpus/ledger-client.tsx
FN:50,weightLabel
FN:67,ago
FN:75,LedgerClient
FN:97,(anonymous_3)
FN:115,(anonymous_4)
FN:123,(anonymous_5)
FN:142,(anonymous_6)
FN:152,(anonymous_7)
FN:160,(anonymous_8)
FN:185,(anonymous_9)
FN:196,(anonymous_10)
FN:248,(anonymous_11)
FN:249,(anonymous_12)
FN:250,(anonymous_13)
FN:253,(anonymous_14)
FN:254,(anonymous_15)
FN:263,(anonymous_16)
FN:282,(anonymous_17)
FNF:18
FNH:0
FNDA:0,weightLabel
FNDA:0,ago
FNDA:0,LedgerClient
FNDA:0,(anonymous_3)
FNDA:0,(anonymous_4)
FNDA:0,(anonymous_5)
FNDA:0,(anonymous_6)
FNDA:0,(anonymous_7)
FNDA:0,(anonymous_8)
FNDA:0,(anonymous_9)
FNDA:0,(anonymous_10)
FNDA:0,(anonymous_11)
FNDA:0,(anonymous_12)
FNDA:0,(anonymous_13)
FNDA:0,(anonymous_14)
FNDA:0,(anonymous_15)
FNDA:0,(anonymous_16)
FNDA:0,(anonymous_17)
DA:1,0
DA:47,0
DA:51,0
DA:53,0
DA:55,0
DA:57,0
DA:59,0
DA:61,0
DA:68,0
DA:69,0
DA:70,0
DA:71,0
DA:72,0
DA:94,0
DA:97,0
DA:98,0
DA:99,0
DA:100,0
DA:101,0
DA:106,0
DA:113,0
DA:114,0
DA:115,0
DA:117,0
DA:123,0
DA:143,0
DA:144,0
DA:145,0
DA:146,0
DA:152,0
DA:161,0
DA:186,0
DA:197,0
DA:248,0
DA:249,0
DA:251,0
DA:253,0
DA:255,0
DA:256,0
DA:257,0
DA:263,0
DA:283,0
DA:284,0
DA:285,0
LF:44
LH:0
BRDA:51,0,0,0
BRDA:51,0,1,0
BRDA:51,0,2,0
BRDA:51,0,3,0
BRDA:51,0,4,0
BRDA:53,1,0,0
BRDA:53,1,1,0
BRDA:55,2,0,0
BRDA:55,2,1,0
BRDA:57,3,0,0
BRDA:57,3,1,0
BRDA:69,4,0,0
BRDA:69,4,1,0
BRDA:70,5,0,0
BRDA:70,5,1,0
BRDA:71,6,0,0
BRDA:71,6,1,0
BRDA:98,7,0,0
BRDA:98,7,1,0
BRDA:113,8,0,0
BRDA:113,8,1,0
BRDA:115,9,0,0
BRDA:115,9,1,0
BRDA:129,10,0,0
BRDA:129,10,1,0
BRDA:139,11,0,0
BRDA:139,11,1,0
BRDA:145,12,0,0
BRDA:145,12,1,0
BRDA:150,13,0,0
BRDA:150,13,1,0
BRDA:152,14,0,0
BRDA:152,14,1,0
BRDA:154,15,0,0
BRDA:154,15,1,0
BRDA:156,16,0,0
BRDA:156,16,1,0
BRDA:157,17,0,0
BRDA:157,17,1,0
BRDA:161,18,0,0
BRDA:161,18,1,0
BRDA:166,19,0,0
BRDA:166,19,1,0
BRDA:168,20,0,0
BRDA:168,20,1,0
BRDA:172,21,0,0
BRDA:172,21,1,0
BRDA:178,22,0,0
BRDA:178,22,1,0
BRDA:181,23,0,0
BRDA:181,23,1,0
BRDA:183,24,0,0
BRDA:183,24,1,0
BRDA:194,25,0,0
BRDA:194,25,1,0
BRDA:211,26,0,0
BRDA:211,26,1,0
BRDA:215,27,0,0
BRDA:215,27,1,0
BRDA:223,28,0,0
BRDA:223,28,1,0
BRDA:228,29,0,0
BRDA:228,29,1,0
BRDA:234,30,0,0
BRDA:234,30,1,0
BRDA:241,31,0,0
BRDA:241,31,1,0
BRDA:241,32,0,0
BRDA:241,32,1,0
BRDA:242,33,0,0
BRDA:242,33,1,0
BRDA:249,34,0,0
BRDA:249,34,1,0
BRDA:252,35,0,0
BRDA:252,35,1,0
BRDA:263,36,0,0
BRDA:263,36,1,0
BRDA:266,37,0,0
BRDA:266,37,1,0
BRDA:271,38,0,0
BRDA:271,38,1,0
BRDA:271,39,0,0
BRDA:271,39,1,0
BRDA:276,40,0,0
BRDA:276,40,1,0
BRF:85
BRH:0
end_of_record
TN:
SF:app/s/[secret]/console/corpus/page.tsx
FN:20,Corpus
FN:59,(anonymous_1)
FN:60,(anonymous_2)
FN:72,(anonymous_3)
FNF:4
FNH:0
FNDA:0,Corpus
FNDA:0,(anonymous_1)
FNDA:0,(anonymous_2)
FNDA:0,(anonymous_3)
DA:9,0
DA:10,0
DA:11,0
DA:27,0
DA:29,0
DA:34,0
DA:40,0
DA:48,0
DA:49,0
DA:50,0
DA:52,0
DA:53,0
DA:58,0
DA:59,0
DA:60,0
DA:63,0
DA:72,0
LF:17
LH:0
BRDA:40,0,0,0
BRDA:40,0,1,0
BRDA:42,1,0,0
BRDA:42,1,1,0
BRF:4
BRH:0
end_of_record
TN:
SF:app/s/[secret]/console/corpus/pin-control.tsx
FN:22,PinControl
FN:56,(anonymous_1)
FN:63,(anonymous_2)
FN:66,(anonymous_3)
FNF:4
FNH:0
FNDA:0,PinControl
FNDA:0,(anonymous_1)
FNDA:0,(anonymous_2)
FNDA:0,(anonymous_3)
DA:1,0
DA:37,0
DA:38,0
DA:47,0
DA:56,0
DA:63,0
DA:66,0
LF:7
LH:0
BRDA:37,0,0,0
BRDA:37,0,1,0
BRDA:50,1,0,0
BRDA:50,1,1,0
BRDA:54,2,0,0
BRDA:54,2,1,0
BRF:6
BRH:0
end_of_record
TN:
SF:app/s/[secret]/console/guide/page.tsx
FN:9,Merged
FNF:1
FNH:0
FNDA:0,Merged
DA:4,0
DA:14,0
DA:15,0
LF:3
LH:0
BRF:0
BRH:0
end_of_record
TN:
SF:app/s/[secret]/console/heat/handoff/route.ts
FN:13,POST
FNF:1
FNH:1
FNDA:4,POST
DA:10,1
DA:11,1
DA:17,4
DA:18,4
DA:19,3
DA:21,3
DA:22,3
DA:23,1
DA:26,2
DA:27,2
DA:31,1
LF:11
LH:11
BRDA:18,0,0,1
BRDA:18,0,1,3
BRDA:22,1,0,1
BRDA:22,1,1,2
BRDA:22,2,0,3
BRDA:22,2,1,2
BRDA:31,3,0,1
BRDA:31,3,1,0
BRF:8
BRH:7
end_of_record
TN:
SF:app/s/[secret]/console/heat/pin/route.ts
FN:23,POST
FNF:1
FNH:1
FNDA:11,POST
DA:15,1
DA:19,1
DA:21,1
DA:27,11
DA:28,11
DA:29,9
DA:31,9
DA:32,9
DA:33,4
DA:36,5
DA:37,5
DA:39,1
DA:43,4
DA:44,4
DA:46,4
DA:47,4
DA:48,1
DA:49,1
DA:51,3
DA:52,0
DA:54,3
DA:55,3
DA:56,3
DA:57,1
DA:59,2
DA:60,11
DA:63,2
DA:64,1
DA:67,1
LF:29
LH:28
BRDA:28,0,0,2
BRDA:28,0,1,9
BRDA:32,1,0,4
BRDA:32,1,1,5
BRDA:32,2,0,9
BRDA:32,2,1,9
BRDA:32,2,2,5
BRDA:37,3,0,1
BRDA:37,3,1,4
BRDA:43,4,0,0
BRDA:43,4,1,4
BRDA:47,5,0,1
BRDA:47,5,1,3
BRDA:51,6,0,0
BRDA:51,6,1,3
BRDA:51,7,0,3
BRDA:51,7,1,3
BRDA:56,8,0,1
BRDA:56,8,1,2
BRDA:56,9,0,3
BRDA:56,9,1,3
BRDA:59,10,0,1
BRDA:59,10,1,1
BRDA:60,11,0,0
BRDA:60,11,1,11
BRDA:68,12,0,1
BRDA:68,12,1,0
BRF:27
BRH:23
end_of_record
TN:
SF:app/s/[secret]/console/map/page.tsx
FN:24,MapScreen
FNF:1
FNH:0
FNDA:0,MapScreen
DA:6,0
DA:7,0
DA:8,0
DA:29,0
DA:30,0
DA:33,0
DA:34,0
DA:35,0
LF:8
LH:0
BRDA:33,0,0,0
BRDA:33,0,1,0
BRDA:34,1,0,0
BRDA:34,1,1,0
BRF:4
BRH:0
end_of_record
TN:
SF:app/s/[secret]/console/overview/activity-chart.tsx
FN:22,ActivityChart
FN:27,(anonymous_1)
FN:36,(anonymous_2)
FN:48,(anonymous_3)
FN:53,(anonymous_4)
FN:67,(anonymous_5)
FN:75,(anonymous_6)
FN:85,(anonymous_7)
FNF:8
FNH:0
FNDA:0,ActivityChart
FNDA:0,(anonymous_1)
FNDA:0,(anonymous_2)
FNDA:0,(anonymous_3)
FNDA:0,(anonymous_4)
FNDA:0,(anonymous_5)
FNDA:0,(anonymous_6)
FNDA:0,(anonymous_7)
DA:1,0
DA:23,0
DA:24,0
DA:26,0
DA:27,0
DA:28,0
DA:30,0
DA:36,0
DA:37,0
DA:38,0
DA:41,0
DA:49,0
DA:53,0
DA:68,0
DA:75,0
DA:85,0
LF:16
LH:0
BRDA:30,0,0,0
BRDA:30,0,1,0
BRDA:31,1,0,0
BRDA:31,1,1,0
BRDA:32,2,0,0
BRDA:32,2,1,0
BRDA:33,3,0,0
BRDA:33,3,1,0
BRDA:34,4,0,0
BRDA:34,4,1,0
BRDA:52,5,0,0
BRDA:52,5,1,0
BRDA:55,6,0,0
BRDA:55,6,1,0
BRDA:60,7,0,0
BRDA:60,7,1,0
BRDA:63,8,0,0
BRDA:63,8,1,0
BRDA:72,9,0,0
BRDA:72,9,1,0
BRDA:72,10,0,0
BRDA:72,10,1,0
BRDA:73,11,0,0
BRDA:73,11,1,0
BRDA:74,12,0,0
BRDA:74,12,1,0
BRDA:75,13,0,0
BRDA:75,13,1,0
BRDA:77,14,0,0
BRDA:77,14,1,0
BRDA:78,15,0,0
BRDA:78,15,1,0
BRDA:83,16,0,0
BRDA:83,16,1,0
BRF:34
BRH:0
end_of_record
TN:
SF:app/s/[secret]/console/overview/corpus-field.tsx
FN:23,CorpusField
FN:31,(anonymous_1)
FN:41,(anonymous_2)
FN:50,(anonymous_3)
FN:51,(anonymous_4)
FN:52,(anonymous_5)
FN:60,(anonymous_6)
FN:66,(anonymous_7)
FNF:8
FNH:0
FNDA:0,CorpusField
FNDA:0,(anonymous_1)
FNDA:0,(anonymous_2)
FNDA:0,(anonymous_3)
FNDA:0,(anonymous_4)
FNDA:0,(anonymous_5)
FNDA:0,(anonymous_6)
FNDA:0,(anonymous_7)
DA:1,0
DA:28,0
DA:29,0
DA:31,0
DA:32,0
DA:33,0
DA:34,0
DA:35,0
DA:38,0
DA:41,0
DA:42,0
DA:45,0
DA:50,0
DA:51,0
DA:53,0
DA:54,0
DA:61,0
DA:62,0
DA:63,0
DA:67,0
LF:20
LH:0
BRDA:33,0,0,0
BRDA:33,0,1,0
BRDA:35,1,0,0
BRDA:35,1,1,0
BRDA:38,2,0,0
BRDA:38,2,1,0
BRDA:54,3,0,0
BRDA:54,3,1,0
BRDA:61,4,0,0
BRDA:61,4,1,0
BRDA:61,5,0,0
BRDA:61,5,1,0
BRDA:61,5,2,0
BRDA:70,6,0,0
BRDA:70,6,1,0
BRDA:70,7,0,0
BRDA:70,7,1,0
BRDA:80,8,0,0
BRDA:80,8,1,0
BRDA:86,9,0,0
BRDA:86,9,1,0
BRDA:87,10,0,0
BRDA:87,10,1,0
BRDA:93,11,0,0
BRDA:93,11,1,0
BRF:25
BRH:0
end_of_record
TN:
SF:app/s/[secret]/console/overview/model-select.tsx
FN:13,ModelSelect
FN:26,pick
FN:38,(anonymous_2)
FN:51,(anonymous_3)
FN:54,(anonymous_4)
FNF:5
FNH:0
FNDA:0,ModelSelect
FNDA:0,pick
FNDA:0,(anonymous_2)
FNDA:0,(anonymous_3)
FNDA:0,(anonymous_4)
DA:1,0
DA:22,0
DA:23,0
DA:24,0
DA:27,0
DA:28,0
DA:29,0
DA:30,0
DA:31,0
DA:32,0
DA:33,0
DA:38,0
DA:40,0
DA:44,0
DA:51,0
DA:55,0
LF:16
LH:0
BRDA:27,0,0,0
BRDA:27,0,1,0
BRDA:38,1,0,0
BRDA:38,1,1,0
BRDA:48,2,0,0
BRDA:48,2,1,0
BRDA:48,2,2,0
BRDA:50,3,0,0
BRDA:50,3,1,0
BRDA:53,4,0,0
BRDA:53,4,1,0
BRDA:57,5,0,0
BRDA:57,5,1,0
BRF:13
BRH:0
end_of_record
TN:
SF:app/s/[secret]/console/overview/page.tsx
FN:46,Ring
FN:79,Overview
FN:91,(anonymous_2)
FN:99,(anonymous_3)
FN:119,(anonymous_4)
FN:129,(anonymous_5)
FN:130,(anonymous_6)
FN:133,(anonymous_7)
FN:137,(anonymous_8)
FN:139,(anonymous_9)
FN:141,(anonymous_10)
FN:142,(anonymous_11)
FN:143,(anonymous_12)
FN:144,(anonymous_13)
FN:147,(anonymous_14)
FN:147,(anonymous_15)
FN:151,(anonymous_16)
FN:151,(anonymous_17)
FN:152,(anonymous_18)
FN:155,(anonymous_19)
FN:155,(anonymous_20)
FN:156,(anonymous_21)
FN:166,(anonymous_22)
FN:167,(anonymous_23)
FN:171,(anonymous_24)
FN:172,(anonymous_25)
FN:173,(anonymous_26)
FN:177,(anonymous_27)
FN:181,(anonymous_28)
FN:196,(anonymous_29)
FN:200,(anonymous_30)
FN:204,(anonymous_31)
FN:205,(anonymous_32)
FN:206,(anonymous_33)
FN:207,(anonymous_34)
FN:209,(anonymous_35)
FN:212,(anonymous_36)
FN:212,(anonymous_37)
FN:225,(anonymous_38)
FN:375,(anonymous_39)
FN:440,(anonymous_40)
FN:488,(anonymous_41)
FN:493,(anonymous_42)
FN:515,(anonymous_43)
FN:537,(anonymous_44)
FN:590,(anonymous_45)
FN:590,(anonymous_46)
FN:596,(anonymous_47)
FN:609,(anonymous_48)
FNF:49
FNH:0
FNDA:0,Ring
FNDA:0,Overview
FNDA:0,(anonymous_2)
FNDA:0,(anonymous_3)
FNDA:0,(anonymous_4)
FNDA:0,(anonymous_5)
FNDA:0,(anonymous_6)
FNDA:0,(anonymous_7)
FNDA:0,(anonymous_8)
FNDA:0,(anonymous_9)
FNDA:0,(anonymous_10)
FNDA:0,(anonymous_11)
FNDA:0,(anonymous_12)
FNDA:0,(anonymous_13)
FNDA:0,(anonymous_14)
FNDA:0,(anonymous_15)
FNDA:0,(anonymous_16)
FNDA:0,(anonymous_17)
FNDA:0,(anonymous_18)
FNDA:0,(anonymous_19)
FNDA:0,(anonymous_20)
FNDA:0,(anonymous_21)
FNDA:0,(anonymous_22)
FNDA:0,(anonymous_23)
FNDA:0,(anonymous_24)
FNDA:0,(anonymous_25)
FNDA:0,(anonymous_26)
FNDA:0,(anonymous_27)
FNDA:0,(anonymous_28)
FNDA:0,(anonymous_29)
FNDA:0,(anonymous_30)
FNDA:0,(anonymous_31)
FNDA:0,(anonymous_32)
FNDA:0,(anonymous_33)
FNDA:0,(anonymous_34)
FNDA:0,(anonymous_35)
FNDA:0,(anonymous_36)
FNDA:0,(anonymous_37)
FNDA:0,(anonymous_38)
FNDA:0,(anonymous_39)
FNDA:0,(anonymous_40)
FNDA:0,(anonymous_41)
FNDA:0,(anonymous_42)
FNDA:0,(anonymous_43)
FNDA:0,(anonymous_44)
FNDA:0,(anonymous_45)
FNDA:0,(anonymous_46)
FNDA:0,(anonymous_47)
FNDA:0,(anonymous_48)
DA:20,0
DA:21,0
DA:22,0
DA:32,0
DA:49,0
DA:50,0
DA:84,0
DA:85,0
DA:86,0
DA:91,0
DA:99,0
DA:104,0
DA:105,0
DA:106,0
DA:111,0
DA:117,0
DA:118,0
DA:119,0
DA:120,0
DA:122,0
DA:124,0
DA:129,0
DA:130,0
DA:131,0
DA:132,0
DA:133,0
DA:137,0
DA:138,0
DA:139,0
DA:140,0
DA:141,0
DA:142,0
DA:143,0
DA:144,0
DA:145,0
DA:147,0
DA:151,0
DA:152,0
DA:155,0
DA:156,0
DA:163,0
DA:164,0
DA:165,0
DA:166,0
DA:167,0
DA:168,0
DA:170,0
DA:171,0
DA:172,0
DA:173,0
DA:177,0
DA:178,0
DA:179,0
DA:181,0
DA:182,0
DA:183,0
DA:186,0
DA:196,0
DA:200,0
DA:201,0
DA:204,0
DA:205,0
DA:206,0
DA:207,0
DA:209,0
DA:210,0
DA:212,0
DA:214,0
DA:220,0
DA:225,0
DA:226,0
DA:227,0
DA:228,0
DA:229,0
DA:230,0
DA:232,0
DA:235,0
DA:376,0
DA:441,0
DA:488,0
DA:493,0
DA:515,0
DA:538,0
DA:590,0
DA:591,0
DA:597,0
DA:609,0
LF:87
LH:0
BRDA:49,0,0,0
BRDA:49,0,1,0
BRDA:71,1,0,0
BRDA:71,1,1,0
BRDA:72,2,0,0
BRDA:72,2,1,0
BRDA:117,3,0,0
BRDA:117,3,1,0
BRDA:118,4,0,0
BRDA:118,4,1,0
BRDA:118,5,0,0
BRDA:118,5,1,0
BRDA:124,6,0,0
BRDA:124,6,1,0
BRDA:126,7,0,0
BRDA:126,7,1,0
BRDA:126,8,0,0
BRDA:126,8,1,0
BRDA:133,9,0,0
BRDA:133,9,1,0
BRDA:144,10,0,0
BRDA:144,10,1,0
BRDA:168,11,0,0
BRDA:168,11,1,0
BRDA:173,12,0,0
BRDA:173,12,1,0
BRDA:179,13,0,0
BRDA:179,13,1,0
BRDA:179,14,0,0
BRDA:179,14,1,0
BRDA:179,15,0,0
BRDA:179,15,1,0
BRDA:183,16,0,0
BRDA:183,16,1,0
BRDA:192,17,0,0
BRDA:192,17,1,0
BRDA:196,18,0,0
BRDA:196,18,1,0
BRDA:196,19,0,0
BRDA:196,19,1,0
BRDA:200,20,0,0
BRDA:200,20,1,0
BRDA:204,21,0,0
BRDA:204,21,1,0
BRDA:214,22,0,0
BRDA:214,22,1,0
BRDA:229,23,0,0
BRDA:229,23,1,0
BRDA:232,24,0,0
BRDA:232,24,1,0
BRDA:252,25,0,0
BRDA:252,25,1,0
BRDA:253,26,0,0
BRDA:253,26,1,0
BRDA:253,27,0,0
BRDA:253,27,1,0
BRDA:253,27,2,0
BRDA:254,28,0,0
BRDA:254,28,1,0
BRDA:255,29,0,0
BRDA:255,29,1,0
BRDA:260,30,0,0
BRDA:260,30,1,0
BRDA:262,31,0,0
BRDA:262,31,1,0
BRDA:264,32,0,0
BRDA:264,32,1,0
BRDA:266,33,0,0
BRDA:266,33,1,0
BRDA:271,34,0,0
BRDA:271,34,1,0
BRDA:273,35,0,0
BRDA:273,35,1,0
BRDA:283,36,0,0
BRDA:283,36,1,0
BRDA:284,37,0,0
BRDA:284,37,1,0
BRDA:327,38,0,0
BRDA:327,38,1,0
BRDA:333,39,0,0
BRDA:333,39,1,0
BRDA:350,40,0,0
BRDA:350,40,1,0
BRDA:354,41,0,0
BRDA:354,41,1,0
BRDA:356,42,0,0
BRDA:356,42,1,0
BRDA:356,43,0,0
BRDA:356,43,1,0
BRDA:370,44,0,0
BRDA:370,44,1,0
BRDA:373,45,0,0
BRDA:373,45,1,0
BRDA:373,45,2,0
BRDA:378,46,0,0
BRDA:378,46,1,0
BRDA:378,47,0,0
BRDA:378,47,1,0
BRDA:378,48,0,0
BRDA:378,48,1,0
BRDA:385,49,0,0
BRDA:385,49,1,0
BRDA:391,50,0,0
BRDA:391,50,1,0
BRDA:396,51,0,0
BRDA:396,51,1,0
BRDA:396,51,2,0
BRDA:398,52,0,0
BRDA:398,52,1,0
BRDA:399,53,0,0
BRDA:399,53,1,0
BRDA:399,54,0,0
BRDA:399,54,1,0
BRDA:400,55,0,0
BRDA:400,55,1,0
BRDA:411,56,0,0
BRDA:411,56,1,0
BRDA:411,56,2,0
BRDA:416,57,0,0
BRDA:416,57,1,0
BRDA:421,58,0,0
BRDA:421,58,1,0
BRDA:421,58,2,0
BRDA:423,59,0,0
BRDA:423,59,1,0
BRDA:424,60,0,0
BRDA:424,60,1,0
BRDA:425,61,0,0
BRDA:425,61,1,0
BRDA:444,62,0,0
BRDA:444,62,1,0
BRDA:444,63,0,0
BRDA:444,63,1,0
BRDA:449,64,0,0
BRDA:449,64,1,0
BRDA:452,65,0,0
BRDA:452,65,1,0
BRDA:462,66,0,0
BRDA:462,66,1,0
BRDA:462,66,2,0
BRDA:463,67,0,0
BRDA:463,67,1,0
BRDA:463,67,2,0
BRDA:464,68,0,0
BRDA:464,68,1,0
BRDA:464,68,2,0
BRDA:465,69,0,0
BRDA:465,69,1,0
BRDA:467,70,0,0
BRDA:467,70,1,0
BRDA:467,70,2,0
BRDA:470,71,0,0
BRDA:470,71,1,0
BRDA:472,72,0,0
BRDA:472,72,1,0
BRDA:476,73,0,0
BRDA:476,73,1,0
BRDA:480,74,0,0
BRDA:480,74,1,0
BRDA:482,75,0,0
BRDA:482,75,1,0
BRDA:485,76,0,0
BRDA:485,76,1,0
BRDA:485,76,2,0
BRDA:489,77,0,0
BRDA:489,77,1,0
BRDA:491,78,0,0
BRDA:491,78,1,0
BRDA:500,79,0,0
BRDA:500,79,1,0
BRDA:505,80,0,0
BRDA:505,80,1,0
BRDA:509,81,0,0
BRDA:509,81,1,0
BRDA:513,82,0,0
BRDA:513,82,1,0
BRDA:513,83,0,0
BRDA:513,83,1,0
BRDA:514,84,0,0
BRDA:514,84,1,0
BRDA:515,85,0,0
BRDA:515,85,1,0
BRDA:521,86,0,0
BRDA:521,86,1,0
BRDA:523,87,0,0
BRDA:523,87,1,0
BRDA:529,88,0,0
BRDA:529,88,1,0
BRDA:529,88,2,0
BRDA:532,89,0,0
BRDA:532,89,1,0
BRDA:544,90,0,0
BRDA:544,90,1,0
BRDA:548,91,0,0
BRDA:548,91,1,0
BRDA:553,92,0,0
BRDA:553,92,1,0
BRDA:557,93,0,0
BRDA:557,93,1,0
BRDA:559,94,0,0
BRDA:559,94,1,0
BRDA:576,95,0,0
BRDA:576,95,1,0
BRDA:578,96,0,0
BRDA:578,96,1,0
BRDA:582,97,0,0
BRDA:582,97,1,0
BRDA:588,98,0,0
BRDA:588,98,1,0
BRDA:630,99,0,0
BRDA:630,99,1,0
BRDA:634,100,0,0
BRDA:634,100,1,0
BRDA:639,101,0,0
BRDA:639,101,1,0
BRDA:644,102,0,0
BRDA:644,102,1,0
BRDA:646,103,0,0
BRDA:646,103,1,0
BRF:219
BRH:0
end_of_record
TN:
SF:app/s/[secret]/console/proposals/route.ts
FN:14,POST
FNF:1
FNH:0
FNDA:0,POST
DA:12,0
DA:18,0
DA:19,0
DA:20,0
DA:21,0
DA:22,0
DA:23,0
DA:26,0
DA:27,0
DA:28,0
DA:29,0
DA:31,0
DA:32,0
DA:36,0
LF:14
LH:0
BRDA:19,0,0,0
BRDA:19,0,1,0
BRDA:21,1,0,0
BRDA:21,1,1,0
BRDA:21,2,0,0
BRDA:21,2,1,0
BRDA:22,3,0,0
BRDA:22,3,1,0
BRDA:22,4,0,0
BRDA:22,4,1,0
BRDA:27,5,0,0
BRDA:27,5,1,0
BRDA:36,6,0,0
BRDA:36,6,1,0
BRF:14
BRH:0
end_of_record
TN:
SF:app/s/[secret]/console/readers/page.tsx
FN:9,Merged
FNF:1
FNH:0
FNDA:0,Merged
DA:4,0
DA:14,0
DA:15,0
LF:3
LH:0
BRF:0
BRH:0
end_of_record
TN:
SF:app/s/[secret]/console/settings/connect-section.tsx
FN:11,ConnectSection
FN:119,(anonymous_1)
FN:139,(anonymous_2)
FN:194,(anonymous_3)
FNF:4
FNH:0
FNDA:0,ConnectSection
FNDA:0,(anonymous_1)
FNDA:0,(anonymous_2)
FNDA:0,(anonymous_3)
DA:31,0
DA:60,0
DA:97,0
DA:109,0
DA:120,0
DA:140,0
DA:195,0
LF:7
LH:0
BRDA:40,0,0,0
BRDA:40,0,1,0
BRDA:42,1,0,0
BRDA:42,1,1,0
BRDA:43,2,0,0
BRDA:43,2,1,0
BRDA:43,3,0,0
BRDA:43,3,1,0
BRDA:54,4,0,0
BRDA:54,4,1,0
BRDA:67,5,0,0
BRDA:67,5,1,0
BRDA:89,6,0,0
BRDA:89,6,1,0
BRDA:147,7,0,0
BRDA:147,7,1,0
BRDA:149,8,0,0
BRDA:149,8,1,0
BRDA:199,9,0,0
BRDA:199,9,1,0
BRDA:201,10,0,0
BRDA:201,10,1,0
BRF:22
BRH:0
end_of_record
TN:
SF:app/s/[secret]/console/settings/endpoints.ts
FN:6,settingsEndpoint
FNF:1
FNH:0
FNDA:0,settingsEndpoint
DA:7,0
DA:8,0
DA:9,0
DA:10,0
LF:4
LH:0
BRDA:9,0,0,0
BRDA:9,0,1,0
BRF:2
BRH:0
end_of_record
TN:
SF:app/s/[secret]/console/settings/learning-client.tsx
FN:53,src
FN:57,(anonymous_1)
FN:59,LearningClient
FN:68,post
FN:82,(anonymous_4)
FN:96,send
FN:97,(anonymous_6)
FN:100,act
FN:104,(anonymous_8)
FN:109,step
FN:125,(anonymous_10)
FN:149,(anonymous_11)
FN:157,(anonymous_12)
FN:168,(anonymous_13)
FN:169,(anonymous_14)
FN:199,(anonymous_15)
FN:228,(anonymous_16)
FN:229,(anonymous_17)
FN:255,(anonymous_18)
FN:256,(anonymous_19)
FN:287,(anonymous_20)
FN:295,(anonymous_21)
FN:303,(anonymous_22)
FN:310,(anonymous_23)
FNF:24
FNH:0
FNDA:0,src
FNDA:0,(anonymous_1)
FNDA:0,LearningClient
FNDA:0,post
FNDA:0,(anonymous_4)
FNDA:0,send
FNDA:0,(anonymous_6)
FNDA:0,act
FNDA:0,(anonymous_8)
FNDA:0,step
FNDA:0,(anonymous_10)
FNDA:0,(anonymous_11)
FNDA:0,(anonymous_12)
FNDA:0,(anonymous_13)
FNDA:0,(anonymous_14)
FNDA:0,(anonymous_15)
FNDA:0,(anonymous_16)
FNDA:0,(anonymous_17)
FNDA:0,(anonymous_18)
FNDA:0,(anonymous_19)
FNDA:0,(anonymous_20)
FNDA:0,(anonymous_21)
FNDA:0,(anonymous_22)
FNDA:0,(anonymous_23)
DA:1,0
DA:54,0
DA:57,0
DA:60,0
DA:61,0
DA:62,0
DA:63,0
DA:64,0
DA:65,0
DA:66,0
DA:73,0
DA:74,0
DA:75,0
DA:76,0
DA:77,0
DA:82,0
DA:83,0
DA:84,0
DA:85,0
DA:87,0
DA:89,0
DA:90,0
DA:92,0
DA:97,0
DA:101,0
DA:102,0
DA:103,0
DA:104,0
DA:110,0
DA:111,0
DA:114,0
DA:115,0
DA:118,0
DA:119,0
DA:121,0
DA:126,0
DA:149,0
DA:157,0
DA:169,0
DA:170,0
DA:171,0
DA:200,0
DA:228,0
DA:229,0
DA:256,0
DA:257,0
DA:287,0
DA:295,0
DA:303,0
DA:310,0
LF:50
LH:0
BRDA:54,0,0,0
BRDA:54,0,1,0
BRDA:65,1,0,0
BRDA:65,1,1,0
BRDA:66,2,0,0
BRDA:66,2,1,0
BRDA:83,3,0,0
BRDA:83,3,1,0
BRDA:84,4,0,0
BRDA:84,4,1,0
BRDA:87,5,0,0
BRDA:87,5,1,0
BRDA:97,6,0,0
BRDA:97,6,1,0
BRDA:102,7,0,0
BRDA:102,7,1,0
BRDA:111,8,0,0
BRDA:111,8,1,0
BRDA:118,9,0,0
BRDA:118,9,1,0
BRDA:118,10,0,0
BRDA:118,10,1,0
BRDA:119,11,0,0
BRDA:119,11,1,0
BRDA:119,12,0,0
BRDA:119,12,1,0
BRDA:123,13,0,0
BRDA:123,13,1,0
BRDA:124,14,0,0
BRDA:124,14,1,0
BRDA:128,15,0,0
BRDA:128,15,1,0
BRDA:130,16,0,0
BRDA:130,16,1,0
BRDA:167,17,0,0
BRDA:167,17,1,0
BRDA:170,18,0,0
BRDA:170,18,1,0
BRDA:171,19,0,0
BRDA:171,19,1,0
BRDA:175,20,0,0
BRDA:175,20,1,0
BRDA:217,21,0,0
BRDA:217,21,1,0
BRDA:225,22,0,0
BRDA:225,22,1,0
BRDA:231,23,0,0
BRDA:231,23,1,0
BRDA:233,24,0,0
BRDA:233,24,1,0
BRDA:235,25,0,0
BRDA:235,25,1,0
BRDA:249,26,0,0
BRDA:249,26,1,0
BRDA:249,26,2,0
BRDA:251,27,0,0
BRDA:251,27,1,0
BRDA:251,28,0,0
BRDA:251,28,1,0
BRDA:257,29,0,0
BRDA:257,29,1,0
BRDA:263,30,0,0
BRDA:263,30,1,0
BRDA:283,31,0,0
BRDA:283,31,1,0
BRDA:291,32,0,0
BRDA:291,32,1,0
BRDA:299,33,0,0
BRDA:299,33,1,0
BRF:69
BRH:0
end_of_record
TN:
SF:app/s/[secret]/console/settings/models-table.tsx
FN:30,evalChip
FN:36,rowSub
FN:45,ModelsTable
FN:51,(anonymous_3)
FN:53,(anonymous_4)
FN:54,(anonymous_5)
FN:68,(anonymous_6)
FN:78,(anonymous_7)
FNF:8
FNH:0
FNDA:0,evalChip
FNDA:0,rowSub
FNDA:0,ModelsTable
FNDA:0,(anonymous_3)
FNDA:0,(anonymous_4)
FNDA:0,(anonymous_5)
FNDA:0,(anonymous_6)
FNDA:0,(anonymous_7)
DA:1,0
DA:31,0
DA:32,0
DA:33,0
DA:37,0
DA:38,0
DA:39,0
DA:40,0
DA:41,0
DA:42,0
DA:50,0
DA:51,0
DA:52,0
DA:53,0
DA:54,0
DA:56,0
DA:69,0
DA:70,0
DA:71,0
DA:72,0
DA:78,0
LF:21
LH:0
BRDA:31,0,0,0
BRDA:31,0,1,0
BRDA:32,1,0,0
BRDA:32,1,1,0
BRDA:38,2,0,0
BRDA:38,2,1,0
BRDA:39,3,0,0
BRDA:39,3,1,0
BRDA:40,4,0,0
BRDA:40,4,1,0
BRDA:41,5,0,0
BRDA:41,5,1,0
BRDA:51,6,0,0
BRDA:51,6,1,0
BRDA:73,7,0,0
BRDA:73,7,1,0
BRDA:78,8,0,0
BRDA:78,8,1,0
BRDA:81,9,0,0
BRDA:81,9,1,0
BRDA:85,10,0,0
BRDA:85,10,1,0
BRDA:88,11,0,0
BRDA:88,11,1,0
BRDA:98,12,0,0
BRDA:98,12,1,0
BRDA:99,13,0,0
BRDA:99,13,1,0
BRDA:99,14,0,0
BRDA:99,14,1,0
BRDA:100,15,0,0
BRDA:100,15,1,0
BRF:32
BRH:0
end_of_record
TN:
SF:app/s/[secret]/console/settings/page.tsx
FN:22,ago
FN:54,Settings
FN:68,(anonymous_2)
FN:71,(anonymous_3)
FN:81,(anonymous_4)
FN:82,(anonymous_5)
FN:88,(anonymous_6)
FN:93,(anonymous_7)
FN:110,(anonymous_8)
FN:110,(anonymous_9)
FN:125,(anonymous_10)
FNF:11
FNH:0
FNDA:0,ago
FNDA:0,Settings
FNDA:0,(anonymous_2)
FNDA:0,(anonymous_3)
FNDA:0,(anonymous_4)
FNDA:0,(anonymous_5)
FNDA:0,(anonymous_6)
FNDA:0,(anonymous_7)
FNDA:0,(anonymous_8)
FNDA:0,(anonymous_9)
FNDA:0,(anonymous_10)
DA:16,0
DA:17,0
DA:18,0
DA:23,0
DA:24,0
DA:25,0
DA:26,0
DA:27,0
DA:59,0
DA:65,0
DA:68,0
DA:71,0
DA:75,0
DA:76,0
DA:80,0
DA:81,0
DA:82,0
DA:84,0
DA:88,0
DA:93,0
DA:109,0
DA:110,0
DA:111,0
DA:125,0
DA:146,0
LF:25
LH:0
BRDA:24,0,0,0
BRDA:24,0,1,0
BRDA:25,1,0,0
BRDA:25,1,1,0
BRDA:26,2,0,0
BRDA:26,2,1,0
BRDA:87,3,0,0
BRDA:87,3,1,0
BRDA:124,4,0,0
BRDA:124,4,1,0
BRDA:125,5,0,0
BRDA:125,5,1,0
BRDA:135,6,0,0
BRDA:135,6,1,0
BRDA:159,7,0,0
BRDA:159,7,1,0
BRDA:183,8,0,0
BRDA:183,8,1,0
BRDA:184,9,0,0
BRDA:184,9,1,0
BRF:20
BRH:0
end_of_record
TN:
SF:app/s/[secret]/console/settings/settings-client.tsx
FN:49,ToggleRow
FN:94,StepperRow
FN:119,(anonymous_2)
FN:122,(anonymous_3)
FN:128,guestHeading
FN:134,SettingsClient
FN:149,send
FN:159,(anonymous_7)
FN:163,(anonymous_8)
FN:173,step
FN:184,(anonymous_10)
FN:217,(anonymous_11)
FN:227,(anonymous_12)
FN:231,(anonymous_13)
FN:231,(anonymous_14)
FN:232,(anonymous_15)
FN:232,(anonymous_16)
FN:267,(anonymous_17)
FN:277,(anonymous_18)
FN:279,(anonymous_19)
FN:297,(anonymous_20)
FN:300,(anonymous_21)
FN:302,(anonymous_22)
FNF:23
FNH:0
FNDA:0,ToggleRow
FNDA:0,StepperRow
FNDA:0,(anonymous_2)
FNDA:0,(anonymous_3)
FNDA:0,guestHeading
FNDA:0,SettingsClient
FNDA:0,send
FNDA:0,(anonymous_7)
FNDA:0,(anonymous_8)
FNDA:0,step
FNDA:0,(anonymous_10)
FNDA:0,(anonymous_11)
FNDA:0,(anonymous_12)
FNDA:0,(anonymous_13)
FNDA:0,(anonymous_14)
FNDA:0,(anonymous_15)
FNDA:0,(anonymous_16)
FNDA:0,(anonymous_17)
FNDA:0,(anonymous_18)
FNDA:0,(anonymous_19)
FNDA:0,(anonymous_20)
FNDA:0,(anonymous_21)
FNDA:0,(anonymous_22)
DA:1,0
DA:39,0
DA:68,0
DA:109,0
DA:119,0
DA:122,0
DA:129,0
DA:130,0
DA:131,0
DA:143,0
DA:144,0
DA:145,0
DA:146,0
DA:147,0
DA:150,0
DA:151,0
DA:152,0
DA:153,0
DA:158,0
DA:159,0
DA:160,0
DA:161,0
DA:163,0
DA:165,0
DA:167,0
DA:174,0
DA:175,0
DA:178,0
DA:179,0
DA:181,0
DA:185,0
DA:218,0
DA:228,0
DA:231,0
DA:232,0
DA:268,0
DA:269,0
DA:278,0
DA:279,0
DA:297,0
DA:300,0
DA:302,0
LF:42
LH:0
BRDA:72,0,0,0
BRDA:72,0,1,0
BRDA:77,1,0,0
BRDA:77,1,1,0
BRDA:81,2,0,0
BRDA:81,2,1,0
BRDA:82,3,0,0
BRDA:82,3,1,0
BRDA:113,4,0,0
BRDA:113,4,1,0
BRDA:120,5,0,0
BRDA:120,5,1,0
BRDA:129,6,0,0
BRDA:129,6,1,0
BRDA:130,7,0,0
BRDA:130,7,1,0
BRDA:147,8,0,0
BRDA:147,8,1,0
BRDA:158,9,0,0
BRDA:158,9,1,0
BRDA:160,10,0,0
BRDA:160,10,1,0
BRDA:175,11,0,0
BRDA:175,11,1,0
BRDA:179,12,0,0
BRDA:179,12,1,0
BRDA:183,13,0,0
BRDA:183,13,1,0
BRDA:187,14,0,0
BRDA:187,14,1,0
BRDA:189,15,0,0
BRDA:189,15,1,0
BRDA:221,16,0,0
BRDA:221,16,1,0
BRDA:224,17,0,0
BRDA:224,17,1,0
BRDA:226,18,0,0
BRDA:226,18,1,0
BRDA:230,19,0,0
BRDA:230,19,1,0
BRDA:231,20,0,0
BRDA:231,20,1,0
BRDA:252,21,0,0
BRDA:252,21,1,0
BRDA:253,22,0,0
BRDA:253,22,1,0
BRDA:273,23,0,0
BRDA:273,23,1,0
BRDA:274,24,0,0
BRDA:274,24,1,0
BRDA:276,25,0,0
BRDA:276,25,1,0
BRDA:279,26,0,0
BRDA:279,26,1,0
BRDA:284,27,0,0
BRDA:284,27,1,0
BRDA:295,28,0,0
BRDA:295,28,1,0
BRDA:299,29,0,0
BRDA:299,29,1,0
BRDA:301,30,0,0
BRDA:301,30,1,0
BRF:62
BRH:0
end_of_record
TN:
SF:app/s/[secret]/console/settings/wire-client.tsx
FN:41,(anonymous_0)
FN:51,(anonymous_1)
FN:72,(anonymous_2)
FN:93,(anonymous_3)
FN:102,(anonymous_4)
FN:111,(anonymous_5)
FN:117,WireClient
FN:124,(anonymous_7)
FN:132,(anonymous_8)
FN:136,copy
FN:141,(anonymous_10)
FN:156,(anonymous_11)
FN:162,(anonymous_12)
FNF:13
FNH:0
FNDA:0,(anonymous_0)
FNDA:0,(anonymous_1)
FNDA:0,(anonymous_2)
FNDA:0,(anonymous_3)
FNDA:0,(anonymous_4)
FNDA:0,(anonymous_5)
FNDA:0,WireClient
FNDA:0,(anonymous_7)
FNDA:0,(anonymous_8)
FNDA:0,copy
FNDA:0,(anonymous_10)
FNDA:0,(anonymous_11)
FNDA:0,(anonymous_12)
DA:1,0
DA:32,0
DA:34,0
DA:42,0
DA:52,0
DA:73,0
DA:93,0
DA:102,0
DA:112,0
DA:118,0
DA:119,0
DA:121,0
DA:122,0
DA:124,0
DA:126,0
DA:128,0
DA:129,0
DA:132,0
DA:133,0
DA:134,0
DA:137,0
DA:138,0
DA:139,0
DA:140,0
DA:141,0
DA:147,0
DA:157,0
DA:163,0
DA:164,0
LF:29
LH:0
BRDA:129,0,0,0
BRDA:129,0,1,0
BRDA:137,1,0,0
BRDA:137,1,1,0
BRDA:137,2,0,0
BRDA:137,2,1,0
BRDA:160,3,0,0
BRDA:160,3,1,0
BRDA:173,4,0,0
BRDA:173,4,1,0
BRDA:173,5,0,0
BRDA:173,5,1,0
BRDA:177,6,0,0
BRDA:177,6,1,0
BRDA:177,7,0,0
BRDA:177,7,1,0
BRDA:183,8,0,0
BRDA:183,8,1,0
BRDA:184,9,0,0
BRDA:184,9,1,0
BRDA:187,10,0,0
BRDA:187,10,1,0
BRF:22
BRH:0
end_of_record
TN:
SF:app/s/[secret]/console/settings/actions/route.ts
FN:23,POST
FNF:1
FNH:1
FNDA:10,POST
DA:18,1
DA:21,1
DA:27,10
DA:28,10
DA:29,8
DA:31,8
DA:32,2
DA:33,2
DA:34,1
DA:38,1
DA:42,6
DA:43,5
DA:49,5
DA:50,5
DA:51,4
DA:53,1
DA:56,0
DA:58,1
DA:64,1
DA:66,1
DA:69,1
DA:73,1
LF:22
LH:21
BRDA:28,0,0,2
BRDA:28,0,1,8
BRDA:31,1,0,2
BRDA:31,1,1,6
BRDA:38,2,0,1
BRDA:38,2,1,0
BRDA:42,3,0,5
BRDA:42,3,1,1
BRDA:51,4,0,1
BRDA:51,4,1,0
BRDA:51,4,2,1
BRDA:51,4,3,1
BRDA:51,4,4,1
BRDA:69,5,0,1
BRDA:69,5,1,0
BRF:15
BRH:12
end_of_record
TN:
SF:app/s/[secret]/console/settings/save/route.ts
FN:22,POST
FNF:1
FNH:1
FNDA:23,POST
DA:20,1
DA:26,23
DA:27,23
DA:28,16
DA:30,16
DA:34,16
DA:35,16
DA:36,3
DA:37,3
DA:38,1
DA:39,2
DA:40,1
DA:42,1
DA:46,15
DA:47,15
DA:48,4
DA:49,4
DA:50,3
DA:51,3
DA:52,5
DA:53,1
DA:55,4
DA:57,2
DA:64,13
DA:65,9
DA:66,9
DA:67,8
DA:71,8
DA:72,1
DA:79,7
DA:80,7
DA:84,4
DA:86,3
DA:87,3
DA:88,2
DA:90,1
DA:97,4
DA:98,0
DA:99,0
DA:100,0
DA:101,0
DA:106,0
DA:107,0
DA:113,0
DA:119,0
DA:120,0
DA:121,0
DA:122,0
DA:124,0
DA:125,0
DA:126,0
DA:127,0
DA:129,0
DA:130,0
DA:131,0
DA:133,0
DA:134,0
DA:135,0
DA:137,0
DA:141,4
DA:142,4
DA:143,3
DA:147,1
LF:63
LH:41
BRDA:27,0,0,7
BRDA:27,0,1,16
BRDA:35,1,0,3
BRDA:35,1,1,13
BRDA:37,2,0,1
BRDA:37,2,1,2
BRDA:37,3,0,3
BRDA:37,3,1,2
BRDA:39,4,0,1
BRDA:39,4,1,1
BRDA:39,5,0,2
BRDA:39,5,1,2
BRDA:47,6,0,4
BRDA:47,6,1,11
BRDA:49,7,0,1
BRDA:49,7,1,3
BRDA:52,8,0,1
BRDA:52,8,1,4
BRDA:52,9,0,5
BRDA:52,9,1,5
BRDA:55,10,0,3
BRDA:55,10,1,1
BRDA:64,11,0,9
BRDA:64,11,1,4
BRDA:66,12,0,1
BRDA:66,12,1,8
BRDA:66,13,0,9
BRDA:66,13,1,9
BRDA:66,13,2,9
BRDA:71,14,0,1
BRDA:71,14,1,7
BRDA:84,15,0,4
BRDA:84,15,1,0
BRDA:90,16,0,1
BRDA:90,16,1,0
BRDA:97,17,0,0
BRDA:97,17,1,4
BRDA:99,18,0,0
BRDA:99,18,1,0
BRDA:99,19,0,0
BRDA:99,19,1,0
BRDA:99,19,2,0
BRDA:106,20,0,0
BRDA:106,20,1,0
BRDA:119,21,0,0
BRDA:119,21,1,0
BRDA:120,22,0,0
BRDA:120,22,1,0
BRDA:121,23,0,0
BRDA:121,23,1,0
BRDA:124,24,0,0
BRDA:124,24,1,0
BRDA:125,25,0,0
BRDA:125,25,1,0
BRDA:126,26,0,0
BRDA:126,26,1,0
BRDA:126,27,0,0
BRDA:126,27,1,0
BRDA:129,28,0,0
BRDA:129,28,1,0
BRDA:130,29,0,0
BRDA:130,29,1,0
BRDA:130,30,0,0
BRDA:130,30,1,0
BRDA:137,31,0,0
BRDA:137,31,1,0
BRDA:147,32,0,1
BRDA:147,32,1,0
BRF:68
BRH:35
end_of_record
TN:
SF:app/s/[secret]/console/trends/memory-chart.tsx
FN:23,points
FN:25,(anonymous_1)
FN:31,path
FN:32,(anonymous_3)
FN:40,MemoryChart
FN:42,(anonymous_5)
FN:44,(anonymous_6)
FN:45,(anonymous_7)
FN:46,(anonymous_8)
FN:81,(anonymous_9)
FN:86,(anonymous_10)
FN:87,(anonymous_11)
FN:88,(anonymous_12)
FN:94,(anonymous_13)
FNF:14
FNH:0
FNDA:0,points
FNDA:0,(anonymous_1)
FNDA:0,path
FNDA:0,(anonymous_3)
FNDA:0,MemoryChart
FNDA:0,(anonymous_5)
FNDA:0,(anonymous_6)
FNDA:0,(anonymous_7)
FNDA:0,(anonymous_8)
FNDA:0,(anonymous_9)
FNDA:0,(anonymous_10)
FNDA:0,(anonymous_11)
FNDA:0,(anonymous_12)
FNDA:0,(anonymous_13)
DA:1,0
DA:16,0
DA:17,0
DA:18,0
DA:19,0
DA:20,0
DA:21,0
DA:24,0
DA:25,0
DA:32,0
DA:33,0
DA:34,0
DA:35,0
DA:36,0
DA:42,0
DA:43,0
DA:44,0
DA:45,0
DA:46,0
DA:47,0
DA:48,0
DA:49,0
DA:50,0
DA:51,0
DA:52,0
DA:54,0
DA:82,0
DA:86,0
DA:87,0
DA:88,0
DA:94,0
LF:31
LH:0
BRDA:33,0,0,0
BRDA:33,0,1,0
BRDA:42,1,0,0
BRDA:42,1,1,0
BRDA:73,2,0,0
BRDA:73,2,1,0
BRF:6
BRH:0
end_of_record
TN:
SF:app/s/[secret]/console/trends/page.tsx
FN:28,(anonymous_0)
FN:30,fmtTokens
FN:37,fmtDuration
FN:43,Trends
FN:60,(anonymous_4)
FN:61,(anonymous_5)
FN:76,(anonymous_6)
FN:84,(anonymous_7)
FN:91,(anonymous_8)
FN:92,(anonymous_9)
FN:96,(anonymous_10)
FN:97,(anonymous_11)
FN:103,(anonymous_12)
FN:105,(anonymous_13)
FN:109,(anonymous_14)
FN:110,(anonymous_15)
FN:116,(anonymous_16)
FN:124,(anonymous_17)
FN:124,(anonymous_18)
FN:135,(anonymous_19)
FN:136,(anonymous_20)
FN:137,(anonymous_21)
FN:138,(anonymous_22)
FN:139,(anonymous_23)
FN:154,(anonymous_24)
FN:163,(anonymous_25)
FN:174,(anonymous_26)
FN:175,(anonymous_27)
FN:176,(anonymous_28)
FN:176,(anonymous_29)
FN:177,(anonymous_30)
FN:178,(anonymous_31)
FN:309,(anonymous_32)
FN:336,(anonymous_33)
FN:337,(anonymous_34)
FN:340,(anonymous_35)
FN:376,(anonymous_36)
FN:381,(anonymous_37)
FNF:38
FNH:0
FNDA:0,(anonymous_0)
FNDA:0,fmtTokens
FNDA:0,fmtDuration
FNDA:0,Trends
FNDA:0,(anonymous_4)
FNDA:0,(anonymous_5)
FNDA:0,(anonymous_6)
FNDA:0,(anonymous_7)
FNDA:0,(anonymous_8)
FNDA:0,(anonymous_9)
FNDA:0,(anonymous_10)
FNDA:0,(anonymous_11)
FNDA:0,(anonymous_12)
FNDA:0,(anonymous_13)
FNDA:0,(anonymous_14)
FNDA:0,(anonymous_15)
FNDA:0,(anonymous_16)
FNDA:0,(anonymous_17)
FNDA:0,(anonymous_18)
FNDA:0,(anonymous_19)
FNDA:0,(anonymous_20)
FNDA:0,(anonymous_21)
FNDA:0,(anonymous_22)
FNDA:0,(anonymous_23)
FNDA:0,(anonymous_24)
FNDA:0,(anonymous_25)
FNDA:0,(anonymous_26)
FNDA:0,(anonymous_27)
FNDA:0,(anonymous_28)
FNDA:0,(anonymous_29)
FNDA:0,(anonymous_30)
FNDA:0,(anonymous_31)
FNDA:0,(anonymous_32)
FNDA:0,(anonymous_33)
FNDA:0,(anonymous_34)
FNDA:0,(anonymous_35)
FNDA:0,(anonymous_36)
FNDA:0,(anonymous_37)
DA:9,0
DA:10,0
DA:11,0
DA:25,0
DA:28,0
DA:31,0
DA:32,0
DA:33,0
DA:34,0
DA:38,0
DA:39,0
DA:40,0
DA:48,0
DA:50,0
DA:55,0
DA:60,0
DA:61,0
DA:62,0
DA:64,0
DA:69,0
DA:76,0
DA:83,0
DA:84,0
DA:85,0
DA:88,0
DA:90,0
DA:91,0
DA:92,0
DA:93,0
DA:95,0
DA:96,0
DA:97,0
DA:100,0
DA:101,0
DA:102,0
DA:103,0
DA:104,0
DA:105,0
DA:106,0
DA:107,0
DA:109,0
DA:110,0
DA:115,0
DA:116,0
DA:117,0
DA:118,0
DA:119,0
DA:121,0
DA:122,0
DA:123,0
DA:124,0
DA:125,0
DA:126,0
DA:133,0
DA:134,0
DA:135,0
DA:136,0
DA:137,0
DA:138,0
DA:139,0
DA:141,0
DA:142,0
DA:143,0
DA:144,0
DA:145,0
DA:154,0
DA:155,0
DA:156,0
DA:163,0
DA:164,0
DA:165,0
DA:174,0
DA:175,0
DA:176,0
DA:177,0
DA:178,0
DA:179,0
DA:181,0
DA:182,0
DA:190,0
DA:192,0
DA:193,0
DA:239,0
DA:310,0
DA:336,0
DA:338,0
DA:341,0
DA:377,0
DA:382,0
LF:89
LH:0
BRDA:28,0,0,0
BRDA:28,0,1,0
BRDA:31,1,0,0
BRDA:31,1,1,0
BRDA:32,2,0,0
BRDA:32,2,1,0
BRDA:33,3,0,0
BRDA:33,3,1,0
BRDA:38,4,0,0
BRDA:38,4,1,0
BRDA:39,5,0,0
BRDA:39,5,1,0
BRDA:64,6,0,0
BRDA:64,6,1,0
BRDA:66,7,0,0
BRDA:66,7,1,0
BRDA:69,8,0,0
BRDA:69,8,1,0
BRDA:71,9,0,0
BRDA:71,9,1,0
BRDA:85,10,0,0
BRDA:85,10,1,0
BRDA:93,11,0,0
BRDA:93,11,1,0
BRDA:97,12,0,0
BRDA:97,12,1,0
BRDA:97,13,0,0
BRDA:97,13,1,0
BRDA:105,14,0,0
BRDA:105,14,1,0
BRDA:108,15,0,0
BRDA:108,15,1,0
BRDA:122,16,0,0
BRDA:122,16,1,0
BRDA:124,17,0,0
BRDA:124,17,1,0
BRDA:133,18,0,0
BRDA:133,18,1,0
BRDA:133,19,0,0
BRDA:133,19,1,0
BRDA:139,20,0,0
BRDA:139,20,1,0
BRDA:142,21,0,0
BRDA:142,21,1,0
BRDA:142,22,0,0
BRDA:142,22,1,0
BRDA:142,22,2,0
BRDA:144,23,0,0
BRDA:144,23,1,0
BRDA:147,24,0,0
BRDA:147,24,1,0
BRDA:148,25,0,0
BRDA:148,25,1,0
BRDA:149,26,0,0
BRDA:149,26,1,0
BRDA:154,27,0,0
BRDA:154,27,1,0
BRDA:155,28,0,0
BRDA:155,28,1,0
BRDA:164,29,0,0
BRDA:164,29,1,0
BRDA:190,30,0,0
BRDA:190,30,1,0
BRDA:190,30,2,0
BRDA:190,30,3,0
BRDA:192,31,0,0
BRDA:192,31,1,0
BRDA:247,32,0,0
BRDA:247,32,1,0
BRDA:254,33,0,0
BRDA:254,33,1,0
BRDA:257,34,0,0
BRDA:257,34,1,0
BRDA:259,35,0,0
BRDA:259,35,1,0
BRDA:267,36,0,0
BRDA:267,36,1,0
BRDA:270,37,0,0
BRDA:270,37,1,0
BRDA:280,38,0,0
BRDA:280,38,1,0
BRDA:281,39,0,0
BRDA:281,39,1,0
BRDA:299,40,0,0
BRDA:299,40,1,0
BRDA:312,41,0,0
BRDA:312,41,1,0
BRDA:312,42,0,0
BRDA:312,42,1,0
BRDA:319,43,0,0
BRDA:319,43,1,0
BRDA:322,44,0,0
BRDA:322,44,1,0
BRDA:332,45,0,0
BRDA:332,45,1,0
BRDA:346,46,0,0
BRDA:346,46,1,0
BRDA:348,47,0,0
BRDA:348,47,1,0
BRDA:373,48,0,0
BRDA:373,48,1,0
BRDA:374,49,0,0
BRDA:374,49,1,0
BRF:103
BRH:0
end_of_record
TN:
SF:app/s/[secret]/health/page.tsx
FN:8,LegacyHealth
FNF:1
FNH:0
FNDA:0,LegacyHealth
DA:6,0
DA:13,0
DA:14,0
LF:3
LH:0
BRF:0
BRH:0
end_of_record
TN:
SF:app/s/[secret]/map/live-board.tsx
FN:58,LiveBoard
FN:88,(anonymous_1)
FN:90,(anonymous_2)
FN:94,(anonymous_3)
FN:95,(anonymous_4)
FN:98,(anonymous_5)
FN:102,(anonymous_6)
FN:112,(anonymous_7)
FN:115,(anonymous_8)
FN:121,(anonymous_9)
FN:125,(anonymous_10)
FN:135,(anonymous_11)
FN:145,(anonymous_12)
FN:146,(anonymous_13)
FN:169,(anonymous_14)
FN:176,(anonymous_15)
FN:180,(anonymous_16)
FN:183,(anonymous_17)
FN:191,(anonymous_18)
FN:195,(anonymous_19)
FN:199,(anonymous_20)
FN:202,(anonymous_21)
FN:208,(anonymous_22)
FN:223,(anonymous_23)
FN:226,(anonymous_24)
FN:235,(anonymous_25)
FN:238,(anonymous_26)
FN:249,(anonymous_27)
FN:255,(anonymous_28)
FN:259,(anonymous_29)
FN:260,(anonymous_30)
FN:266,(anonymous_31)
FN:266,(anonymous_32)
FN:270,(anonymous_33)
FN:273,(anonymous_34)
FN:286,(anonymous_35)
FN:299,(anonymous_36)
FN:317,(anonymous_37)
FN:319,(anonymous_38)
FN:335,(anonymous_39)
FN:337,(anonymous_40)
FNF:41
FNH:0
FNDA:0,LiveBoard
FNDA:0,(anonymous_1)
FNDA:0,(anonymous_2)
FNDA:0,(anonymous_3)
FNDA:0,(anonymous_4)
FNDA:0,(anonymous_5)
FNDA:0,(anonymous_6)
FNDA:0,(anonymous_7)
FNDA:0,(anonymous_8)
FNDA:0,(anonymous_9)
FNDA:0,(anonymous_10)
FNDA:0,(anonymous_11)
FNDA:0,(anonymous_12)
FNDA:0,(anonymous_13)
FNDA:0,(anonymous_14)
FNDA:0,(anonymous_15)
FNDA:0,(anonymous_16)
FNDA:0,(anonymous_17)
FNDA:0,(anonymous_18)
FNDA:0,(anonymous_19)
FNDA:0,(anonymous_20)
FNDA:0,(anonymous_21)
FNDA:0,(anonymous_22)
FNDA:0,(anonymous_23)
FNDA:0,(anonymous_24)
FNDA:0,(anonymous_25)
FNDA:0,(anonymous_26)
FNDA:0,(anonymous_27)
FNDA:0,(anonymous_28)
FNDA:0,(anonymous_29)
FNDA:0,(anonymous_30)
FNDA:0,(anonymous_31)
FNDA:0,(anonymous_32)
FNDA:0,(anonymous_33)
FNDA:0,(anonymous_34)
FNDA:0,(anonymous_35)
FNDA:0,(anonymous_36)
FNDA:0,(anonymous_37)
FNDA:0,(anonymous_38)
FNDA:0,(anonymous_39)
FNDA:0,(anonymous_40)
DA:1,0
DA:20,0
DA:30,0
DA:67,0
DA:68,0
DA:69,0
DA:70,0
DA:72,0
DA:73,0
DA:76,0
DA:77,0
DA:78,0
DA:79,0
DA:80,0
DA:81,0
DA:82,0
DA:83,0
DA:84,0
DA:85,0
DA:86,0
DA:88,0
DA:89,0
DA:90,0
DA:91,0
DA:92,0
DA:93,0
DA:94,0
DA:95,0
DA:98,0
DA:99,0
DA:100,0
DA:102,0
DA:105,0
DA:108,0
DA:109,0
DA:110,0
DA:112,0
DA:113,0
DA:115,0
DA:116,0
DA:117,0
DA:118,0
DA:119,0
DA:120,0
DA:121,0
DA:122,0
DA:123,0
DA:125,0
DA:126,0
DA:127,0
DA:128,0
DA:133,0
DA:135,0
DA:136,0
DA:137,0
DA:138,0
DA:139,0
DA:145,0
DA:146,0
DA:148,0
DA:169,0
DA:176,0
DA:181,0
DA:183,0
DA:191,0
DA:195,0
DA:199,0
DA:203,0
DA:204,0
DA:205,0
DA:209,0
DA:210,0
DA:211,0
DA:223,0
DA:226,0
DA:236,0
DA:238,0
DA:249,0
DA:256,0
DA:259,0
DA:260,0
DA:266,0
DA:271,0
DA:273,0
DA:286,0
DA:300,0
DA:318,0
DA:319,0
DA:336,0
DA:337,0
LF:90
LH:0
BRDA:61,0,0,0
BRDA:89,1,0,0
BRDA:89,1,1,0
BRDA:90,2,0,0
BRDA:90,2,1,0
BRDA:93,3,0,0
BRDA:93,3,1,0
BRDA:99,4,0,0
BRDA:99,4,1,0
BRDA:109,5,0,0
BRDA:109,5,1,0
BRDA:110,6,0,0
BRDA:110,6,1,0
BRDA:113,7,0,0
BRDA:113,7,1,0
BRDA:117,8,0,0
BRDA:117,8,1,0
BRDA:117,8,2,0
BRDA:118,9,0,0
BRDA:118,9,1,0
BRDA:118,10,0,0
BRDA:118,10,1,0
BRDA:122,11,0,0
BRDA:122,11,1,0
BRDA:123,12,0,0
BRDA:123,12,1,0
BRDA:126,13,0,0
BRDA:126,13,1,0
BRDA:152,14,0,0
BRDA:152,14,1,0
BRDA:164,15,0,0
BRDA:164,15,1,0
BRDA:167,16,0,0
BRDA:167,16,1,0
BRDA:173,17,0,0
BRDA:173,17,1,0
BRDA:182,18,0,0
BRDA:182,18,1,0
BRDA:203,19,0,0
BRDA:203,19,1,0
BRDA:203,20,0,0
BRDA:203,20,1,0
BRDA:207,21,0,0
BRDA:207,21,1,0
BRDA:213,22,0,0
BRDA:213,22,1,0
BRDA:214,23,0,0
BRDA:214,23,1,0
BRDA:231,24,0,0
BRDA:231,24,1,0
BRDA:237,25,0,0
BRDA:237,25,1,0
BRDA:247,26,0,0
BRDA:247,26,1,0
BRDA:252,27,0,0
BRDA:252,27,1,0
BRDA:254,28,0,0
BRDA:254,28,1,0
BRDA:257,29,0,0
BRDA:257,29,1,0
BRDA:265,30,0,0
BRDA:265,30,1,0
BRDA:270,31,0,0
BRDA:270,31,1,0
BRDA:272,32,0,0
BRDA:272,32,1,0
BRDA:284,33,0,0
BRDA:284,33,1,0
BRDA:290,34,0,0
BRDA:290,34,1,0
BRDA:291,35,0,0
BRDA:291,35,1,0
BRDA:291,36,0,0
BRDA:291,36,1,0
BRDA:293,37,0,0
BRDA:293,37,1,0
BRDA:294,38,0,0
BRDA:294,38,1,0
BRDA:297,39,0,0
BRDA:297,39,1,0
BRDA:299,40,0,0
BRDA:299,40,1,0
BRDA:308,41,0,0
BRDA:308,41,1,0
BRDA:310,42,0,0
BRDA:310,42,1,0
BRDA:314,43,0,0
BRDA:314,43,1,0
BRDA:314,43,2,0
BRDA:322,44,0,0
BRDA:322,44,1,0
BRDA:322,45,0,0
BRDA:322,45,1,0
BRDA:325,46,0,0
BRDA:325,46,1,0
BRDA:327,47,0,0
BRDA:327,47,1,0
BRDA:332,48,0,0
BRDA:332,48,1,0
BRDA:332,48,2,0
BRF:100
BRH:0
end_of_record
TN:
SF:app/s/[secret]/map/page.tsx
FN:16,LiveBoardPage
FNF:1
FNH:0
FNDA:0,LiveBoardPage
DA:6,0
DA:7,0
DA:8,0
DA:21,0
DA:22,0
DA:25,0
DA:26,0
DA:27,0
LF:8
LH:0
BRDA:25,0,0,0
BRDA:25,0,1,0
BRDA:26,1,0,0
BRDA:26,1,1,0
BRF:4
BRH:0
end_of_record
TN:
SF:app/tools/page.tsx
FN:85,Tools
FN:98,(anonymous_1)
FNF:2
FNH:0
FNDA:0,Tools
FNDA:0,(anonymous_1)
DA:4,0
DA:16,0
DA:86,0
DA:99,0
LF:4
LH:0
BRF:0
BRH:0
end_of_record
TN:
SF:lib/access.ts
FN:31,logNoteAccess
FN:36,(anonymous_1)
FN:37,(anonymous_2)
FNF:3
FNH:3
FNDA:47,logNoteAccess
FNDA:12,(anonymous_1)
FNDA:1,(anonymous_2)
DA:32,47
DA:33,47
DA:34,10
DA:35,10
DA:36,12
DA:37,1
DA:38,10
DA:39,10
LF:8
LH:8
BRDA:33,0,0,37
BRDA:33,0,1,10
BRDA:33,1,0,47
BRDA:33,1,1,11
BRF:4
BRH:4
end_of_record
TN:
SF:lib/anscache.ts
FN:69,(anonymous_0)
FN:76,normaliseQuestion
FN:80,cacheKey
FN:89,(anonymous_3)
FN:97,parseEntry
FN:123,readAnswerCache
FN:128,(anonymous_6)
FN:129,(anonymous_7)
FN:147,writeAnswerCache
FN:150,(anonymous_9)
FN:164,scanKeys
FN:186,countAnswerCache
FN:189,(anonymous_12)
FN:190,(anonymous_13)
FN:206,clearAnswerCache
FNF:15
FNH:13
FNDA:46,(anonymous_0)
FNDA:44,normaliseQuestion
FNDA:43,cacheKey
FNDA:2,(anonymous_3)
FNDA:15,parseEntry
FNDA:27,readAnswerCache
FNDA:26,(anonymous_6)
FNDA:0,(anonymous_7)
FNDA:16,writeAnswerCache
FNDA:1,(anonymous_9)
FNDA:4,scanKeys
FNDA:3,countAnswerCache
FNDA:3,(anonymous_12)
FNDA:0,(anonymous_13)
FNDA:2,clearAnswerCache
DA:62,50
DA:63,50
DA:65,50
DA:69,50
DA:77,44
DA:83,43
DA:89,2
DA:92,43
DA:93,43
DA:98,15
DA:99,15
DA:100,15
DA:101,15
DA:103,1
DA:106,14
DA:107,13
DA:108,13
DA:109,12
DA:110,11
DA:111,10
DA:124,27
DA:125,27
DA:127,26
DA:128,26
DA:129,26
DA:131,26
DA:132,25
DA:134,1
DA:136,26
DA:148,16
DA:149,16
DA:150,15
DA:155,15
DA:156,15
DA:165,4
DA:166,4
DA:167,3
DA:168,3
DA:169,3
DA:172,3
DA:176,3
DA:177,3
DA:179,3
DA:188,3
DA:189,3
DA:190,3
DA:192,3
DA:194,1
DA:196,3
DA:207,2
DA:208,2
DA:209,1
DA:210,1
DA:212,1
DA:213,1
DA:215,1
LF:56
LH:56
BRDA:99,0,0,15
BRDA:99,0,1,0
BRDA:106,1,0,1
BRDA:106,1,1,13
BRDA:106,2,0,14
BRDA:106,2,1,14
BRDA:106,2,2,14
BRDA:108,3,0,1
BRDA:108,3,1,12
BRDA:108,4,0,13
BRDA:108,4,1,13
BRDA:109,5,0,1
BRDA:109,5,1,11
BRDA:109,6,0,12
BRDA:109,6,1,11
BRDA:110,7,0,1
BRDA:110,7,1,10
BRDA:110,8,0,11
BRDA:110,8,1,11
BRDA:116,9,0,9
BRDA:116,9,1,1
BRDA:116,10,0,10
BRDA:116,10,1,9
BRDA:117,11,0,9
BRDA:117,11,1,1
BRDA:125,12,0,1
BRDA:125,12,1,26
BRDA:132,13,0,10
BRDA:132,13,1,15
BRDA:147,14,0,16
BRDA:149,15,0,1
BRDA:149,15,1,15
BRDA:166,16,0,1
BRDA:166,16,1,3
BRDA:208,17,0,1
BRDA:208,17,1,1
BRF:36
BRH:35
end_of_record
TN:
SF:lib/ask.ts
FN:124,buildPrompt
FN:133,(anonymous_1)
FN:167,asReply
FN:171,(anonymous_3)
FN:178,braceSpans
FN:206,parseReply
FN:230,countFiles
FN:268,withinBudget
FN:280,applyScope
FN:286,(anonymous_9)
FN:287,(anonymous_10)
FN:293,ask
FN:338,(anonymous_12)
FN:350,deforge
FN:353,(anonymous_14)
FN:369,render
FN:373,renderBare
FN:396,renderFull
FNF:18
FNH:18
FNDA:66,buildPrompt
FNDA:132,(anonymous_1)
FNDA:77,asReply
FNDA:124,(anonymous_3)
FNDA:85,braceSpans
FNDA:78,parseReply
FNDA:24,countFiles
FNDA:1,withinBudget
FNDA:55,applyScope
FNDA:24,(anonymous_9)
FNDA:24,(anonymous_10)
FNDA:55,ask
FNDA:150,(anonymous_12)
FNDA:40,deforge
FNDA:44,(anonymous_14)
FNDA:40,render
FNDA:7,renderBare
FNDA:33,renderFull
DA:42,48
DA:43,48
DA:48,48
DA:107,48
DA:130,66
DA:131,66
DA:132,66
DA:133,66
DA:134,132
DA:135,132
DA:136,132
DA:137,132
DA:142,132
DA:146,66
DA:147,66
DA:148,66
DA:168,77
DA:169,77
DA:170,77
DA:171,124
DA:172,62
DA:179,85
DA:180,85
DA:181,85
DA:182,85
DA:183,85
DA:184,85
DA:185,2305746
DA:186,2305746
DA:187,104391
DA:188,104383
DA:189,104375
DA:190,104391
DA:192,2201355
DA:193,2150937
DA:194,50086
DA:195,50086
DA:196,2100851
DA:197,50085
DA:200,85
DA:207,78
DA:208,78
DA:209,78
DA:211,78
DA:212,78
DA:213,85
DA:214,80
DA:215,80
DA:216,80
DA:224,78
DA:231,24
DA:232,24
DA:233,24
DA:234,24
DA:235,65
DA:237,24
DA:264,48
DA:269,1
DA:270,1
DA:271,1
DA:272,4
DA:273,4
DA:274,4
DA:275,4
DA:277,1
DA:281,55
DA:285,8
DA:287,24
DA:290,8
DA:302,55
DA:303,43
DA:304,55
DA:307,55
DA:309,55
DA:310,52
DA:314,52
DA:320,55
DA:325,55
DA:326,55
DA:328,55
DA:338,150
DA:351,40
DA:353,44
DA:370,40
DA:374,7
DA:375,7
DA:376,0
DA:378,7
DA:379,6
DA:381,6
DA:382,1
DA:383,5
DA:384,0
DA:385,5
DA:386,0
DA:387,5
DA:388,0
DA:390,5
DA:393,6
DA:397,33
DA:398,33
DA:399,4
DA:404,33
DA:406,33
DA:407,4
DA:413,29
DA:414,4
DA:416,25
DA:417,25
DA:419,33
DA:420,7
DA:421,18
DA:424,2
DA:425,16
DA:431,1
DA:432,15
DA:437,2
DA:438,13
DA:439,4
DA:441,9
DA:447,25
DA:448,33
LF:122
LH:118
BRDA:136,0,0,132
BRDA:136,0,1,0
BRDA:137,1,0,10
BRDA:137,1,1,122
BRDA:168,2,0,0
BRDA:168,2,1,77
BRDA:168,3,0,77
BRDA:168,3,1,77
BRDA:168,3,2,77
BRDA:170,4,0,15
BRDA:170,4,1,62
BRDA:171,5,0,118
BRDA:171,5,1,6
BRDA:186,6,0,104391
BRDA:186,6,1,2201355
BRDA:187,7,0,8
BRDA:187,7,1,104383
BRDA:188,8,0,8
BRDA:188,8,1,104375
BRDA:189,9,0,50418
BRDA:189,9,1,53957
BRDA:192,10,0,50418
BRDA:192,10,1,2150937
BRDA:193,11,0,50086
BRDA:193,11,1,2100851
BRDA:194,12,0,81
BRDA:194,12,1,50005
BRDA:196,13,0,50085
BRDA:196,13,1,2050766
BRDA:196,14,0,2100851
BRDA:196,14,1,50085
BRDA:197,15,0,80
BRDA:197,15,1,50005
BRDA:197,16,0,50085
BRDA:197,16,1,80
BRDA:216,17,0,62
BRDA:216,17,1,18
BRDA:224,18,0,78
BRDA:224,18,1,21
BRDA:232,19,0,0
BRDA:232,19,1,24
BRDA:235,20,0,28
BRDA:235,20,1,37
BRDA:235,21,0,65
BRDA:235,21,1,37
BRDA:272,22,0,4
BRDA:272,22,1,0
BRDA:273,23,0,0
BRDA:273,23,1,4
BRDA:273,24,0,4
BRDA:273,24,1,3
BRDA:281,25,0,47
BRDA:281,25,1,8
BRDA:281,26,0,55
BRDA:281,26,1,8
BRDA:287,27,0,24
BRDA:287,27,1,24
BRDA:287,27,2,24
BRDA:296,28,0,55
BRDA:302,29,0,55
BRDA:302,29,1,43
BRDA:303,30,0,43
BRDA:303,30,1,42
BRDA:304,31,0,1
BRDA:304,31,1,54
BRDA:306,32,0,54
BRDA:306,32,1,43
BRDA:314,33,0,52
BRDA:314,33,1,21
BRDA:320,34,0,55
BRDA:320,34,1,31
BRDA:325,35,0,55
BRDA:325,35,1,38
BRDA:326,36,0,21
BRDA:326,36,1,31
BRDA:341,37,0,55
BRDA:341,37,1,31
BRDA:343,38,0,24
BRDA:343,38,1,28
BRDA:353,39,0,5
BRDA:353,39,1,39
BRDA:369,40,0,40
BRDA:370,41,0,7
BRDA:370,41,1,33
BRDA:375,42,0,0
BRDA:375,42,1,7
BRDA:378,43,0,1
BRDA:378,43,1,6
BRDA:381,44,0,1
BRDA:381,44,1,5
BRDA:381,45,0,6
BRDA:381,45,1,5
BRDA:383,46,0,0
BRDA:383,46,1,5
BRDA:383,47,0,5
BRDA:383,47,1,0
BRDA:385,48,0,0
BRDA:385,48,1,5
BRDA:387,49,0,0
BRDA:387,49,1,5
BRDA:398,50,0,4
BRDA:398,50,1,29
BRDA:404,51,0,4
BRDA:404,51,1,29
BRDA:406,52,0,4
BRDA:406,52,1,29
BRDA:413,53,0,4
BRDA:413,53,1,25
BRDA:417,54,0,16
BRDA:417,54,1,9
BRDA:417,55,0,2
BRDA:417,55,1,23
BRDA:419,56,0,7
BRDA:419,56,1,18
BRDA:421,57,0,2
BRDA:421,57,1,16
BRDA:425,58,0,1
BRDA:425,58,1,15
BRDA:425,59,0,16
BRDA:425,59,1,3
BRDA:432,60,0,2
BRDA:432,60,1,13
BRDA:438,61,0,4
BRDA:438,61,1,9
BRDA:447,62,0,25
BRDA:447,62,1,9
BRF:126
BRH:116
end_of_record
TN:
SF:lib/atlas.ts
FN:87,parseSnapshot
FN:93,(anonymous_1)
FN:94,(anonymous_2)
FN:151,budgetEdges
FN:157,(anonymous_4)
FN:158,(anonymous_5)
FN:180,buildAtlas
FN:185,(anonymous_7)
FN:221,(anonymous_8)
FN:222,(anonymous_9)
FN:227,(anonymous_10)
FN:230,(anonymous_11)
FN:238,(anonymous_12)
FN:243,(anonymous_13)
FN:244,(anonymous_14)
FN:266,(anonymous_15)
FN:275,firstLine
FNF:17
FNH:17
FNDA:21,parseSnapshot
FNDA:28,(anonymous_1)
FNDA:19,(anonymous_2)
FNDA:30,budgetEdges
FNDA:59,(anonymous_4)
FNDA:52,(anonymous_5)
FNDA:21,buildAtlas
FNDA:3,(anonymous_7)
FNDA:59,(anonymous_8)
FNDA:28,(anonymous_9)
FNDA:85,(anonymous_10)
FNDA:6,(anonymous_11)
FNDA:11,(anonymous_12)
FNDA:19,(anonymous_13)
FNDA:25,(anonymous_14)
FNDA:8,(anonymous_15)
FNDA:59,firstLine
DA:59,2
DA:66,2
DA:88,21
DA:89,13
DA:90,13
DA:91,13
DA:92,9
DA:93,28
DA:94,19
DA:95,9
DA:103,2
DA:108,2
DA:128,2
DA:131,2
DA:136,2
DA:157,59
DA:158,30
DA:160,52
DA:165,30
DA:166,30
DA:167,30
DA:168,39
DA:169,39
DA:170,39
DA:171,35
DA:172,35
DA:173,35
DA:174,35
DA:176,30
DA:184,21
DA:185,21
DA:187,21
DA:188,21
DA:189,59
DA:191,59
DA:192,59
DA:193,59
DA:194,123
DA:197,59
DA:198,59
DA:216,21
DA:221,59
DA:222,21
DA:223,28
DA:226,21
DA:227,85
DA:230,21
DA:236,21
DA:237,21
DA:238,11
DA:243,21
DA:244,25
DA:246,21
DA:247,85
DA:249,21
DA:259,21
DA:266,8
DA:276,59
DA:277,177
DA:278,177
DA:279,59
DA:281,0
LF:62
LH:61
BRDA:88,0,0,8
BRDA:88,0,1,13
BRDA:91,1,0,2
BRDA:91,1,1,11
BRDA:92,2,0,0
BRDA:92,2,1,9
BRDA:92,3,0,9
BRDA:92,3,1,9
BRDA:92,3,2,9
BRDA:93,4,0,0
BRDA:93,4,1,9
BRDA:93,5,0,28
BRDA:93,5,1,28
BRDA:93,5,2,28
BRDA:94,6,0,0
BRDA:94,6,1,9
BRDA:94,7,0,19
BRDA:94,7,1,19
BRDA:94,7,2,19
BRDA:98,8,0,9
BRDA:98,8,1,0
BRDA:154,9,0,30
BRDA:155,10,0,30
BRDA:157,11,0,59
BRDA:157,11,1,58
BRDA:157,11,2,57
BRDA:160,12,0,52
BRDA:160,12,1,35
BRDA:160,12,2,29
BRDA:160,12,3,22
BRDA:163,13,0,1
BRDA:163,13,1,21
BRDA:163,14,0,21
BRDA:163,14,1,0
BRDA:168,15,0,39
BRDA:168,15,1,13
BRDA:169,16,0,39
BRDA:169,16,1,26
BRDA:170,17,0,4
BRDA:170,17,1,35
BRDA:170,18,0,39
BRDA:170,18,1,12
BRDA:174,19,0,1
BRDA:174,19,1,34
BRDA:185,20,0,21
BRDA:185,20,1,19
BRDA:191,21,0,53
BRDA:191,21,1,6
BRDA:194,22,0,10
BRDA:194,22,1,113
BRDA:200,23,0,53
BRDA:200,23,1,6
BRDA:201,24,0,59
BRDA:201,24,1,0
BRDA:210,25,0,5
BRDA:210,25,1,54
BRDA:212,26,0,2
BRDA:212,26,1,57
BRDA:222,27,0,21
BRDA:222,27,1,12
BRDA:223,28,0,28
BRDA:223,28,1,27
BRDA:230,29,0,21
BRDA:230,29,1,12
BRDA:230,30,0,6
BRDA:230,30,1,6
BRDA:236,31,0,21
BRDA:236,31,1,17
BRDA:243,32,0,21
BRDA:243,32,1,12
BRDA:247,33,0,85
BRDA:247,33,1,47
BRDA:252,34,0,8
BRDA:252,34,1,13
BRDA:252,35,0,21
BRDA:252,35,1,9
BRDA:256,36,0,21
BRDA:256,36,1,12
BRDA:263,37,0,21
BRDA:263,37,1,12
BRDA:266,38,0,8
BRDA:266,38,1,13
BRDA:269,39,0,17
BRDA:269,39,1,4
BRDA:278,40,0,118
BRDA:278,40,1,59
BRDA:278,41,0,177
BRDA:278,41,1,118
BRDA:278,41,2,59
BRDA:278,41,3,59
BRF:90
BRH:84
end_of_record
TN:
SF:lib/auth.ts
FN:8,safeEqualStrings
FN:15,verifyToken
FNF:2
FNH:2
FNDA:166,safeEqualStrings
FNDA:26,verifyToken
DA:6,13
DA:9,166
DA:10,166
DA:11,166
DA:12,149
DA:19,26
DA:23,26
DA:24,26
DA:32,12
DA:33,1
DA:37,12
DA:38,7
DA:40,5
LF:13
LH:13
BRDA:11,0,0,17
BRDA:11,0,1,149
BRDA:23,1,0,26
BRDA:23,1,1,0
BRDA:24,2,0,14
BRDA:24,2,1,12
BRDA:32,3,0,1
BRDA:32,3,1,11
BRDA:37,4,0,7
BRDA:37,4,1,5
BRDA:37,5,0,12
BRDA:37,5,1,7
BRF:12
BRH:11
end_of_record
TN:
SF:lib/brain.ts
FN:34,validatePath
FN:60,validateReadPath
FN:68,todayStamp
FN:94,lastNDates
FN:160,cutRecentDays
FN:235,getContext
FN:247,(anonymous_6)
FN:248,(anonymous_7)
FN:260,(anonymous_8)
FN:272,(anonymous_9)
FN:294,(anonymous_10)
FN:350,(anonymous_11)
FN:354,(anonymous_12)
FN:367,(anonymous_13)
FN:405,readNote
FN:435,readNoteRaw
FN:442,joinAppend
FN:446,regenerateBareIndex
FN:447,(anonymous_18)
[...]
DA:123,8
DA:124,8
DA:125,8
DA:127,8
DA:128,8
DA:129,6
DA:130,6
DA:131,57
DA:132,57
DA:134,57
DA:139,49
DA:143,0
DA:144,0
DA:145,0
DA:147,8
DA:152,4
DA:157,4
DA:158,4
DA:159,4
DA:172,4
DA:173,4
DA:174,3
DA:180,2
DA:181,2
DA:183,0
DA:191,2
DA:203,3
DA:205,3
DA:209,3
DA:212,3
DA:220,3
LF:60
LH:56
BRDA:57,0,0,57
BRDA:57,0,1,0
BRDA:58,1,0,0
BRDA:58,1,1,57
BRDA:58,2,0,57
BRDA:58,2,1,56
BRDA:60,3,0,0
BRDA:60,3,1,56
BRDA:60,4,0,56
BRDA:60,4,1,56
BRDA:61,5,0,0
BRDA:61,5,1,56
BRDA:61,6,0,56
BRDA:61,6,1,56
BRDA:62,7,0,0
BRDA:62,7,1,56
BRDA:62,8,0,56
BRDA:62,8,1,56
BRDA:62,8,2,56
BRDA:69,9,0,1
BRDA:69,9,1,55
BRDA:69,10,0,56
BRDA:69,10,1,1
BRDA:70,11,0,1
BRDA:70,11,1,55
BRDA:70,12,0,57
BRDA:70,12,1,1
BRDA:81,13,0,7
BRDA:84,14,0,1
BRDA:84,14,1,6
BRDA:85,15,0,1
BRDA:85,15,1,3
BRDA:89,16,0,1
BRDA:89,16,1,2
BRDA:94,17,0,1
BRDA:94,17,1,1
BRDA:116,18,0,9
BRDA:116,19,0,9
BRDA:118,20,0,1
BRDA:118,20,1,8
BRDA:119,21,0,0
BRDA:119,21,1,1
BRDA:128,22,0,2
BRDA:128,22,1,6
BRDA:134,23,0,55
BRDA:134,23,1,2
BRDA:134,24,0,57
BRDA:134,24,1,56
BRDA:144,25,0,0
BRDA:144,25,1,0
BRDA:151,26,0,4
BRDA:152,27,0,4
BRDA:152,27,1,1
BRDA:158,28,0,0
BRDA:158,28,1,4
BRDA:170,29,0,4
BRDA:173,30,0,1
BRDA:173,30,1,3
BRDA:186,31,0,0
BRDA:186,31,1,0
BRDA:188,32,0,0
BRDA:188,32,1,0
BRDA:205,33,0,3
BRDA:205,33,1,0
BRDA:214,34,0,3
BRDA:214,34,1,2
BRDA:215,35,0,3
BRDA:215,35,1,3
BRF:68
BRH:54
end_of_record
TN:
SF:lib/pulse.ts
FN:20,env
FN:26,pg
FN:39,parseExactCount
FN:46,exactCount
FN:65,mirrorPulse
FN:77,(anonymous_5)
FN:111,accessPulse
FN:130,(anonymous_7)
FN:133,(anonymous_8)
FN:138,(anonymous_9)
FN:138,(anonymous_10)
FN:139,(anonymous_11)
FN:139,(anonymous_12)
FN:149,bubblePulse
FN:192,noteHeat
FN:204,(anonymous_15)
FN:213,temperaturePulse
FNF:17
FNH:14
FNDA:25,env
FNDA:28,pg
FNDA:21,parseExactCount
FNDA:14,exactCount
FNDA:7,mirrorPulse
FNDA:6,(anonymous_5)
FNDA:4,accessPulse
FNDA:6,(anonymous_7)
FNDA:3,(anonymous_8)
FNDA:1005,(anonymous_9)
FNDA:5,(anonymous_10)
FNDA:1005,(anonymous_11)
FNDA:4,(anonymous_12)
FNDA:0,bubblePulse
FNDA:14,noteHeat
FNDA:0,(anonymous_15)
FNDA:0,temperaturePulse
DA:18,2
DA:21,25
DA:22,25
DA:23,25
DA:27,28
DA:40,21
DA:41,21
DA:42,16
DA:43,16
DA:47,14
DA:51,14
DA:52,13
DA:66,7
DA:67,7
DA:68,6
DA:69,6
DA:77,6
DA:79,5
DA:80,5
DA:81,5
DA:82,7
DA:90,1
DA:91,1
DA:112,4
DA:113,4
DA:114,4
DA:115,4
DA:116,4
DA:117,4
DA:121,4
DA:127,4
DA:128,3
DA:129,4
DA:130,3
DA:131,6
DA:132,2010
DA:133,6
DA:135,3
DA:138,1005
DA:139,1005
DA:144,0
DA:145,0
DA:150,0
DA:151,0
DA:152,0
DA:153,0
DA:155,0
DA:156,0
DA:181,2
DA:193,14
DA:194,14
DA:195,0
DA:196,0
DA:197,0
DA:198,0
DA:199,0
DA:202,0
DA:203,0
DA:204,0
DA:205,0
DA:208,0
DA:209,0
DA:214,0
DA:215,0
DA:216,0
DA:217,0
DA:228,0
DA:229,0
DA:237,0
DA:238,0
LF:70
LH:43
BRDA:23,0,0,10
BRDA:23,0,1,15
BRDA:23,1,0,25
BRDA:23,1,1,10
BRDA:26,2,0,28
BRDA:29,3,0,28
BRDA:29,3,1,14
BRDA:41,4,0,5
BRDA:41,4,1,16
BRDA:41,5,0,21
BRDA:41,5,1,18
BRDA:43,6,0,15
BRDA:43,6,1,1
BRDA:43,7,0,16
BRDA:43,7,1,15
BRDA:51,8,0,1
BRDA:51,8,1,13
BRDA:67,9,0,1
BRDA:67,9,1,6
BRDA:79,10,0,0
BRDA:79,10,1,5
BRDA:79,11,0,5
BRDA:79,11,1,5
BRDA:81,12,0,5
BRDA:81,12,1,1
BRDA:83,13,0,4
BRDA:83,13,1,1
BRDA:85,14,0,7
BRDA:85,14,1,1
BRDA:87,15,0,7
BRDA:87,15,1,1
BRDA:111,16,0,4
BRDA:113,17,0,0
BRDA:113,17,1,4
BRDA:127,18,0,1
BRDA:127,18,1,3
BRDA:127,19,0,4
BRDA:127,19,1,4
BRDA:127,19,2,3
BRDA:127,19,3,3
BRDA:128,20,0,3
BRDA:128,20,1,1
BRDA:132,21,0,2010
BRDA:132,21,1,9
BRDA:151,22,0,0
BRDA:151,22,1,0
BRDA:194,23,0,14
BRDA:194,23,1,0
BRDA:202,24,0,0
BRDA:202,24,1,0
BRDA:205,25,0,0
BRDA:205,25,1,0
BRDA:215,26,0,0
BRDA:215,26,1,0
BRDA:228,27,0,0
BRDA:228,27,1,0
BRDA:228,28,0,0
BRDA:228,28,1,0
BRDA:228,28,2,0
BRDA:228,28,3,0
BRDA:233,29,0,0
BRDA:233,29,1,0
BRF:62
BRH:43
end_of_record
TN:
SF:lib/reader.ts
FN:65,providerOf
FN:87,providerConfigured
FN:91,modelsOf
FN:92,(anonymous_3)
FN:124,resolveModel
FN:188,snip
FN:198,postJson
FN:223,(anonymous_7)
FN:243,splitContent
FN:253,(anonymous_9)
FN:274,(anonymous_10)
FN:275,(anonymous_11)
FN:296,(anonymous_12)
FN:324,(anonymous_13)
FN:326,(anonymous_14)
FN:336,(anonymous_15)
FN:337,(anonymous_16)
FN:355,(anonymous_17)
FN:393,(anonymous_18)
FN:406,(anonymous_19)
FNF:20
FNH:17
FNDA:100,providerOf
FNDA:21,providerConfigured
FNDA:0,modelsOf
FNDA:0,(anonymous_3)
FNDA:25,resolveModel
FNDA:5,snip
FNDA:18,postJson
FNDA:0,(anonymous_7)
FNDA:16,splitContent
FNDA:17,(anonymous_9)
FNDA:16,(anonymous_10)
FNDA:16,(anonymous_11)
FNDA:11,(anonymous_12)
FNDA:8,(anonymous_13)
FNDA:4,(anonymous_14)
FNDA:3,(anonymous_15)
FNDA:3,(anonymous_16)
FNDA:9,(anonymous_17)
FNDA:5,(anonymous_18)
FNDA:18,(anonymous_19)
DA:23,45
DA:44,45
DA:55,45
DA:69,100
DA:73,45
DA:80,45
DA:88,21
DA:92,0
DA:107,45
DA:125,25
DA:126,25
DA:127,25
DA:128,4
DA:129,4
DA:133,21
DA:149,45
DA:172,45
DA:180,45
DA:183,45
DA:189,5
DA:190,5
DA:206,18
DA:207,18
DA:215,2
DA:220,2
DA:222,16
DA:223,4
DA:224,4
DA:229,12
DA:230,12
DA:232,1
DA:244,16
DA:245,13
DA:253,45
DA:254,17
DA:255,17
DA:264,16
DA:266,16
DA:273,16
DA:274,16
DA:275,16
DA:285,16
DA:286,1
DA:288,15
DA:296,45
DA:297,11
DA:298,11
DA:299,10
DA:324,8
DA:325,11
DA:326,11
DA:327,11
DA:330,1
DA:335,4
DA:336,3
DA:337,3
DA:343,4
DA:344,2
DA:345,2
DA:347,2
DA:355,45
DA:356,9
DA:357,9
DA:358,8
DA:387,6
DA:388,1
DA:390,5
DA:393,9
DA:394,9
DA:395,2
DA:399,3
DA:406,45
DA:407,18
DA:409,13
DA:411,2
DA:413,2
DA:415,1
LF:77
LH:76
BRDA:69,0,0,86
BRDA:69,0,1,14
BRDA:126,1,0,25
BRDA:126,1,1,22
BRDA:126,1,2,16
BRDA:126,1,3,16
BRDA:127,2,0,4
BRDA:127,2,1,21
BRDA:128,3,0,0
BRDA:128,3,1,4
BRDA:190,4,0,5
BRDA:190,4,1,0
BRDA:215,5,0,1
BRDA:215,5,1,1
BRDA:215,6,0,2
BRDA:215,6,1,2
BRDA:217,7,0,1
BRDA:217,7,1,0
BRDA:222,8,0,4
BRDA:222,8,1,12
BRDA:244,9,0,3
BRDA:244,9,1,13
BRDA:255,10,0,1
BRDA:255,10,1,16
BRDA:285,11,0,1
BRDA:285,11,1,15
BRDA:285,12,0,16
BRDA:285,12,1,16
BRDA:298,13,0,1
BRDA:298,13,1,10
BRDA:324,14,0,5
BRDA:324,14,1,0
BRDA:325,15,0,11
BRDA:325,15,1,1
BRDA:327,16,0,1
BRDA:327,16,1,10
BRDA:330,17,0,1
BRDA:330,17,1,0
BRDA:337,18,0,3
BRDA:337,18,1,0
BRDA:343,19,0,2
BRDA:343,19,1,2
BRDA:343,20,0,4
BRDA:343,20,1,3
BRDA:344,21,0,2
BRDA:344,21,1,1
BRDA:344,21,2,0
BRDA:357,22,0,1
BRDA:357,22,1,8
BRDA:387,23,0,1
BRDA:387,23,1,5
BRDA:393,24,0,9
BRDA:393,24,1,1
BRDA:393,25,0,5
BRDA:393,25,1,0
BRDA:394,26,0,2
BRDA:394,26,1,7
BRDA:394,27,0,9
BRDA:394,27,1,4
BRDA:394,27,2,4
BRDA:396,28,0,2
BRDA:396,28,1,0
BRDA:407,29,0,13
BRDA:407,29,1,2
BRDA:407,29,2,2
BRDA:407,29,3,1
BRF:66
BRH:57
end_of_record
TN:
SF:lib/redact.ts
FN:56,redact
FN:64,hasSecret
FNF:2
FNH:2
FNDA:693,redact
FNDA:200,hasSecret
DA:24,99
DA:57,693
DA:58,2772
DA:59,693
DA:65,200
LF:5
LH:5
BRF:0
BRH:0
end_of_record
TN:
SF:lib/select.ts
FN:49,selectNotes
FN:61,(anonymous_1)
FN:62,(anonymous_2)
FN:97,(anonymous_3)
FNF:4
FNH:3
FNDA:53,selectNotes
FNDA:8,(anonymous_1)
FNDA:8,(anonymous_2)
FNDA:0,(anonymous_3)
DA:50,53
DA:53,53
DA:60,53
DA:61,8
DA:62,8
DA:63,49
DA:64,2
DA:67,47
DA:89,53
DA:90,37
DA:91,37
DA:97,0
DA:100,53
DA:101,53
DA:102,53
DA:103,157
DA:106,157
DA:107,119
DA:108,119
DA:111,53
DA:112,53
LF:21
LH:20
BRDA:60,0,0,4
BRDA:60,0,1,49
BRDA:63,1,0,2
BRDA:63,1,1,47
BRDA:64,2,0,2
BRDA:64,2,1,0
BRDA:89,3,0,37
BRDA:89,3,1,16
BRDA:92,4,0,37
BRDA:92,4,1,0
BRDA:103,5,0,157
BRDA:103,5,1,0
BRDA:106,6,0,38
BRDA:106,6,1,119
BRDA:106,7,0,157
BRDA:106,7,1,105
BRDA:117,8,0,38
BRDA:117,8,1,15
BRF:18
BRH:15
end_of_record
TN:
SF:lib/settings.ts
FN:55,(anonymous_0)
FN:57,isProvider
FN:61,isReaderModel
FN:70,parse
FN:109,readSettings
FN:114,(anonymous_5)
FN:115,(anonymous_6)
FN:132,writeSettings
FN:173,activeReader
FN:209,safeActiveReader
FN:232,readerCards
FN:233,(anonymous_11)
FNF:12
FNH:11
FNDA:29,(anonymous_0)
FNDA:9,isProvider
FNDA:9,isReaderModel
FNDA:27,parse
FNDA:29,readSettings
FNDA:28,(anonymous_5)
FNDA:0,(anonymous_6)
FNDA:4,writeSettings
FNDA:21,activeReader
FNDA:1,safeActiveReader
FNDA:3,readerCards
FNDA:21,(anonymous_11)
DA:50,32
DA:53,32
DA:55,32
DA:58,9
DA:62,9
DA:71,27
DA:72,27
DA:73,27
DA:74,10
DA:75,10
DA:77,1
DA:80,26
DA:81,9
DA:83,9
DA:84,9
DA:85,5
DA:86,4
DA:88,1
DA:96,9
DA:97,9
DA:98,9
DA:99,7
DA:100,7
DA:102,0
DA:106,9
DA:110,29
DA:111,29
DA:113,28
DA:114,28
DA:115,28
DA:117,28
DA:118,27
DA:119,27
DA:121,1
DA:123,28
DA:133,4
DA:134,1
DA:136,3
DA:137,2
DA:142,3
DA:143,1
DA:147,2
DA:148,2
DA:149,1
DA:153,1
DA:154,1
DA:177,21
DA:179,9
DA:180,2
DA:181,2
DA:182,2
DA:183,1
DA:187,1
DA:190,19
DA:191,2
DA:197,17
DA:198,17
DA:212,1
DA:213,1
DA:215,1
DA:233,3
DA:234,21
DA:235,21
DA:236,21
LF:64
LH:63
BRDA:58,0,0,9
BRDA:58,0,1,9
BRDA:62,1,0,9
BRDA:62,1,1,9
BRDA:73,2,0,10
BRDA:73,2,1,17
BRDA:80,3,0,17
BRDA:80,3,1,9
BRDA:80,4,0,26
BRDA:80,4,1,9
BRDA:84,5,0,5
BRDA:84,5,1,4
BRDA:84,6,0,9
BRDA:84,6,1,5
BRDA:85,7,0,4
BRDA:85,7,1,1
BRDA:90,8,0,0
BRDA:90,8,1,1
BRDA:97,9,0,9
BRDA:97,9,1,0
BRDA:99,10,0,7
BRDA:99,10,1,0
BRDA:100,11,0,7
BRDA:100,11,1,0
BRDA:111,12,0,1
BRDA:111,12,1,28
BRDA:133,13,0,1
BRDA:133,13,1,3
BRDA:133,14,0,4
BRDA:133,14,1,4
BRDA:137,15,0,0
BRDA:137,15,1,2
BRDA:142,16,0,1
BRDA:142,16,1,2
BRDA:142,17,0,3
BRDA:142,17,1,3
BRDA:148,18,0,1
BRDA:148,18,1,1
BRDA:177,19,0,21
BRDA:177,19,1,9
BRDA:179,20,0,2
BRDA:179,20,1,7
BRDA:182,21,0,1
BRDA:182,21,1,1
BRDA:190,22,0,2
BRDA:190,22,1,17
BRDA:190,23,0,19
BRDA:190,23,1,3
BRDA:198,24,0,1
BRDA:198,24,1,14
BRDA:215,25,0,1
BRDA:215,25,1,0
BRDA:243,26,0,2
BRDA:243,26,1,19
BRF:54
BRH:48
end_of_record
TN:
SF:lib/stamp.ts
FN:29,passcode
FN:35,passcodeConfigured
FN:40,passcodeMatches
FN:46,stampValue
FN:53,stampIsValid
FN:63,readCookie
FN:77,__setGateDelayForTests
FN:80,(anonymous_7)
FN:80,(anonymous_8)
FN:95,(anonymous_9)
FN:97,gateAllowed
FN:111,gateFailed
FNF:12
FNH:12
FNDA:166,passcode
FNDA:13,passcodeConfigured
FNDA:12,passcodeMatches
FNDA:141,stampValue
FNDA:64,stampIsValid
FNDA:60,readCookie
FNDA:15,__setGateDelayForTests
FNDA:4,(anonymous_7)
FNDA:4,(anonymous_8)
FNDA:14,(anonymous_9)
FNDA:7,gateAllowed
FNDA:3,gateFailed
DA:27,7
DA:32,166
DA:36,13
DA:41,12
DA:42,12
DA:47,141
DA:48,141
DA:49,141
DA:50,134
DA:54,64
DA:55,64
DA:64,60
DA:65,56
DA:66,58
DA:67,58
DA:68,58
DA:70,3
DA:76,7
DA:78,15
DA:80,7
DA:91,7
DA:92,7
DA:93,7
DA:95,14
DA:98,7
DA:99,7
DA:100,5
DA:101,5
DA:105,5
DA:107,0
DA:112,3
DA:113,3
DA:114,1
DA:115,1
DA:116,1
DA:117,1
DA:118,1
DA:119,1
DA:120,1
LF:39
LH:38
BRDA:32,0,0,166
BRDA:32,0,1,0
BRDA:42,1,0,12
BRDA:42,1,1,10
BRDA:49,2,0,7
BRDA:49,2,1,134
BRDA:49,3,0,141
BRDA:49,3,1,136
BRDA:55,4,0,64
BRDA:55,4,1,58
BRDA:55,4,2,56
BRDA:64,5,0,4
BRDA:64,5,1,56
BRDA:67,6,0,0
BRDA:67,6,1,58
BRDA:68,7,0,53
BRDA:68,7,1,5
BRDA:99,8,0,2
BRDA:99,8,1,5
BRDA:105,9,0,5
BRDA:105,9,1,4
BRDA:105,10,0,5
BRDA:105,10,1,4
BRDA:105,11,0,4
BRDA:105,11,1,3
BRDA:113,12,0,2
BRDA:113,12,1,1
BRF:27
BRH:25
end_of_record
TN:
SF:lib/tools.ts
FN:45,ok
FN:49,withIndexWarning
FN:55,err
FN:79,logged
FN:87,(anonymous_4)
FN:142,registerTools
FN:156,registerAskTool
FN:188,(anonymous_7)
FN:189,(anonymous_8)
FN:264,registerReadTools
FN:295,(anonymous_10)
FN:296,(anonymous_11)
FN:367,(anonymous_12)
FN:368,(anonymous_13)
FN:411,(anonymous_14)
FN:412,(anonymous_15)
FN:424,registerWriteTools
FN:456,(anonymous_17)
FN:457,(anonymous_18)
FN:485,(anonymous_19)
FN:486,(anonymous_20)
FN:506,(anonymous_21)
FN:507,(anonymous_22)
FN:525,(anonymous_23)
FN:526,(anonymous_24)
FN:544,(anonymous_25)
FN:545,(anonymous_26)
FN:561,registerHandoffTool
FN:583,(anonymous_28)
FN:584,(anonymous_29)
FN:610,registerGuestAskTool
FN:628,(anonymous_31)
FN:629,(anonymous_32)
FN:707,registerProposeTool
FN:734,(anonymous_34)
FN:735,(anonymous_35)
FN:761,registerBubbleTool
FN:789,(anonymous_37)
FN:790,(anonymous_38)
FNF:39
FNH:25
FNDA:30,ok
FNDA:1,withIndexWarning
FNDA:2,err
FNDA:32,logged
FNDA:32,(anonymous_4)
FNDA:25,registerTools
FNDA:15,registerAskTool
FNDA:9,(anonymous_7)
FNDA:9,(anonymous_8)
FNDA:15,registerReadTools
FNDA:5,(anonymous_10)
FNDA:5,(anonymous_11)
FNDA:0,(anonymous_12)
FNDA:0,(anonymous_13)
FNDA:7,(anonymous_14)
FNDA:7,(anonymous_15)
FNDA:15,registerWriteTools
FNDA:1,(anonymous_17)
FNDA:1,(anonymous_18)
FNDA:0,(anonymous_19)
FNDA:0,(anonymous_20)
FNDA:0,(anonymous_21)
FNDA:0,(anonymous_22)
FNDA:0,(anonymous_23)
FNDA:0,(anonymous_24)
FNDA:0,(anonymous_25)
FNDA:0,(anonymous_26)
FNDA:15,registerHandoffTool
FNDA:3,(anonymous_28)
FNDA:3,(anonymous_29)
FNDA:10,registerGuestAskTool
FNDA:7,(anonymous_31)
FNDA:7,(anonymous_32)
FNDA:10,registerProposeTool
FNDA:0,(anonymous_34)
FNDA:0,(anonymous_35)
FNDA:15,registerBubbleTool
FNDA:0,(anonymous_37)
FNDA:0,(anonymous_38)
DA:46,30
DA:50,1
DA:56,2
DA:57,2
DA:83,32
DA:84,32
DA:85,32
DA:86,32
DA:87,32
DA:88,32
DA:101,32
DA:105,15
DA:143,25
DA:144,25
DA:145,10
DA:146,10
DA:147,10
DA:149,15
DA:150,15
DA:151,15
DA:152,15
DA:153,15
DA:157,15
DA:189,9
DA:190,9
DA:195,9
DA:196,9
DA:200,9
DA:204,9
DA:210,9
DA:211,9
DA:212,1
DA:214,1
DA:217,1
DA:222,8
DA:223,8
DA:224,9
DA:225,9
DA:230,9
DA:231,4
DA:244,8
DA:246,0
DA:253,15
DA:262,15
DA:265,15
DA:296,5
DA:297,5
DA:298,5
DA:299,4
DA:311,4
DA:312,5
DA:313,5
DA:319,5
DA:321,5
DA:322,5
DA:323,0
DA:328,4
DA:329,4
DA:330,0
DA:334,4
DA:335,3
DA:340,4
DA:342,5
DA:347,1
DA:352,15
DA:368,0
DA:369,0
DA:370,0
DA:372,0
DA:395,15
DA:412,7
DA:413,7
DA:414,7
DA:415,7
DA:416,7
DA:418,0
DA:425,15
DA:457,1
DA:458,1
DA:459,1
DA:460,1
DA:462,0
DA:467,15
DA:486,0
DA:487,0
DA:488,0
DA:489,0
DA:491,0
DA:498,15
DA:507,0
DA:508,0
DA:509,0
DA:510,0
DA:512,0
DA:517,15
DA:526,0
DA:527,0
DA:528,0
DA:529,0
DA:531,0
DA:536,15
DA:545,0
DA:546,0
DA:547,0
DA:548,0
DA:550,0
DA:562,15
DA:584,3
DA:585,3
DA:589,3
DA:590,3
DA:592,0
DA:611,10
DA:629,7
DA:630,7
DA:631,7
DA:638,7
DA:639,7
DA:640,7
DA:641,7
DA:647,7
DA:650,7
DA:656,7
DA:657,7
DA:658,2
DA:659,2
DA:663,2
DA:667,5
DA:668,4
DA:672,4
DA:673,4
DA:677,4
DA:680,4
DA:681,2
DA:694,4
DA:696,1
DA:708,10
DA:735,0
DA:736,0
DA:741,0
DA:742,0
DA:743,0
DA:744,0
DA:745,0
DA:750,0
DA:762,15
DA:790,0
DA:791,0
DA:792,0
DA:793,0
DA:794,0
DA:798,0
DA:800,0
DA:802,0
DA:803,0
DA:804,0
DA:807,0
DA:808,0
DA:810,0
DA:815,0
DA:820,0
DA:821,0
DA:826,0
DA:827,0
DA:828,0
DA:829,0
DA:832,0
DA:834,0
DA:835,0
DA:840,0
DA:841,0
DA:842,0
DA:848,0
LF:173
LH:108
BRDA:50,0,0,0
BRDA:50,0,1,1
BRDA:56,1,0,2
BRDA:56,1,1,0
BRDA:92,2,0,2
BRDA:92,2,1,30
BRDA:92,3,0,15
BRDA:92,3,1,15
BRDA:92,4,0,15
BRDA:92,4,1,0
BRDA:94,5,0,16
BRDA:94,5,1,16
BRDA:95,6,0,15
BRDA:95,6,1,17
BRDA:96,7,0,3
BRDA:96,7,1,29
BRDA:142,8,0,25
BRDA:144,9,0,10
BRDA:144,9,1,15
BRDA:204,10,0,7
BRDA:204,10,1,2
BRDA:206,11,0,0
BRDA:206,11,1,7
BRDA:206,12,0,7
BRDA:206,12,1,7
BRDA:210,13,0,7
BRDA:210,13,1,2
BRDA:211,14,0,1
BRDA:211,14,1,8
BRDA:223,15,0,0
BRDA:223,15,1,8
BRDA:230,16,0,4
BRDA:230,16,1,5
BRDA:230,17,0,9
BRDA:230,17,1,6
BRDA:311,18,0,0
BRDA:311,18,1,4
BRDA:311,19,0,1
BRDA:311,19,1,3
BRDA:312,20,0,5
BRDA:312,20,1,3
BRDA:313,21,0,4
BRDA:313,21,1,0
BRDA:322,22,0,0
BRDA:322,22,1,5
BRDA:328,23,0,0
BRDA:328,23,1,4
BRDA:329,24,0,0
BRDA:329,24,1,4
BRDA:331,25,0,0
BRDA:331,25,1,0
BRDA:334,26,0,3
BRDA:334,26,1,1
BRDA:340,27,0,3
BRDA:340,27,1,1
BRDA:415,28,0,3
BRDA:415,28,1,4
BRDA:510,29,0,0
BRDA:510,29,1,0
BRDA:548,30,0,0
BRDA:548,30,1,0
BRDA:589,31,0,3
BRDA:589,31,1,2
BRDA:641,32,0,7
BRDA:641,32,1,7
BRDA:650,33,0,5
BRDA:650,33,1,2
BRDA:656,34,0,5
BRDA:656,34,1,2
BRDA:657,35,0,2
BRDA:657,35,1,5
BRDA:680,36,0,2
BRDA:680,36,1,2
BRDA:680,37,0,4
BRDA:680,37,1,2
BRDA:793,38,0,0
BRDA:793,38,1,0
BRDA:798,39,0,0
BRDA:798,39,1,0
BRDA:798,39,2,0
BRDA:798,39,3,0
BRDA:798,39,4,0
BRDA:802,40,0,0
BRDA:802,40,1,0
BRDA:802,41,0,0
BRDA:802,41,1,0
BRDA:803,42,0,0
BRDA:803,42,1,0
BRDA:804,43,0,0
BRDA:804,43,1,0
BRDA:807,44,0,0
BRDA:807,44,1,0
BRDA:807,45,0,0
BRDA:807,45,1,0
BRDA:807,45,2,0
BRDA:807,45,3,0
BRDA:811,46,0,0
BRDA:811,46,1,0
BRDA:812,47,0,0
BRDA:812,47,1,0
BRDA:813,48,0,0
BRDA:813,48,1,0
BRDA:815,49,0,0
BRDA:815,49,1,0
BRDA:820,50,0,0
BRDA:820,50,1,0
BRDA:820,51,0,0
BRDA:820,51,1,0
BRDA:828,52,0,0
BRDA:828,52,1,0
BRDA:835,53,0,0
BRDA:835,53,1,0
BRDA:840,54,0,0
BRDA:840,54,1,0
BRDA:842,55,0,0
BRDA:842,55,1,0
BRF:116
BRH:59
end_of_record
TN:
SF:lib/triage-loc.ts
FN:23,noteOf
FNF:1
FNH:1
FNDA:8,noteOf
DA:24,8
DA:25,8
DA:26,7
DA:27,7
DA:28,4
DA:29,4
LF:6
LH:6
BRDA:25,0,0,1
BRDA:25,0,1,7
BRDA:27,1,0,3
BRDA:27,1,1,4
BRDA:29,2,0,2
BRDA:29,2,1,2
BRDA:29,3,0,4
BRDA:29,3,1,3
BRF:8
BRH:8
end_of_record
TN:
SF:lib/update-check.ts
FN:38,compareVersions
FN:54,parseReleaseTag
FN:67,resetUpdateCache
FN:71,updateStatus
FNF:4
FNH:4
FNDA:11,compareVersions
FNDA:12,parseReleaseTag
FNDA:13,resetUpdateCache
FNDA:11,updateStatus
DA:19,1
DA:20,1
DA:22,1
DA:23,1
DA:39,11
DA:40,11
DA:41,11
DA:42,20
DA:43,20
DA:45,3
DA:55,12
DA:56,10
DA:57,10
DA:64,1
DA:68,13
DA:72,11
DA:73,11
DA:74,9
DA:75,9
DA:76,9
DA:80,8
DA:84,9
DA:86,11
DA:87,11
LF:24
LH:24
BRDA:42,0,0,20
BRDA:42,0,1,1
BRDA:42,1,0,20
BRDA:42,1,1,1
BRDA:43,2,0,8
BRDA:43,2,1,12
BRDA:55,3,0,2
BRDA:55,3,1,10
BRDA:57,4,0,6
BRDA:57,4,1,4
BRDA:73,5,0,9
BRDA:73,5,1,2
BRDA:73,6,0,11
BRDA:73,6,1,2
BRDA:80,7,0,6
BRDA:80,7,1,2
BRDA:87,8,0,11
BRDA:87,8,1,6
BRF:18
BRH:18
end_of_record
TN:
SF:lib/verify.ts
FN:68,stripEmphasis
FN:89,normalise
FN:118,splitBlocks
FN:126,(anonymous_3)
FN:243,isBannerText
FN:246,(anonymous_5)
FN:273,retracted
FN:297,retraction
FN:304,(anonymous_8)
FN:305,(anonymous_9)
FN:311,(anonymous_10)
FN:371,verifyQuote
FN:427,checkCitation
FNF:13
FNH:13
FNDA:609,stripEmphasis
FNDA:609,normalise
FNDA:373,splitBlocks
FNDA:1543,(anonymous_3)
FNDA:1692,isBannerText
FNDA:1972,(anonymous_5)
FNDA:327,retracted
FNDA:232,retraction
FNDA:402,(anonymous_8)
FNDA:342,(anonymous_9)
FNDA:14,(anonymous_10)
FNDA:146,verifyQuote
FNDA:53,checkCitation
DA:35,102
DA:37,102
DA:40,102
DA:43,102
DA:57,102
DA:65,102
DA:66,102
DA:69,609
DA:90,609
DA:119,373
DA:120,373
DA:121,373
DA:122,373
DA:123,373
DA:124,373
DA:126,373
DA:127,1543
DA:128,1543
DA:131,373
DA:132,1532
DA:133,1532
DA:134,2
DA:135,2
DA:136,2
DA:137,2
DA:138,2
DA:139,1
DA:140,2
DA:142,1530
DA:143,1
DA:144,1
DA:146,1529
DA:152,1529
DA:153,1532
DA:154,577
DA:155,577
DA:156,577
DA:158,952
DA:159,337
DA:160,337
DA:162,952
DA:163,952
DA:164,952
DA:165,254
DA:166,254
DA:167,254
DA:170,373
DA:171,373
DA:180,102
DA:198,102
DA:220,102
DA:221,102
DA:222,102
DA:244,1692
DA:248,1972
DA:255,102
DA:256,102
DA:258,102
DA:280,327
DA:284,917
DA:286,282
DA:298,232
DA:299,232
DA:304,402
DA:305,342
DA:309,34
DA:310,232
DA:311,14
DA:312,21
DA:313,12
DA:314,12
DA:326,12
DA:333,5
DA:335,5
DA:339,29
DA:375,146
DA:376,146
DA:377,8
DA:379,138
DA:381,125
DA:382,125
DA:383,188
DA:384,188
DA:385,85
DA:399,40
DA:400,6
DA:405,34
DA:433,53
DA:434,53
LF:89
LH:89
BRDA:127,0,0,771
BRDA:127,0,1,772
BRDA:127,1,0,1543
BRDA:127,1,1,771
BRDA:133,2,0,2
BRDA:133,2,1,1530
BRDA:134,3,0,1
BRDA:134,3,1,1
BRDA:136,4,0,1
BRDA:136,4,1,1
BRDA:138,5,0,1
BRDA:138,5,1,1
BRDA:142,6,0,1
BRDA:142,6,1,1529
BRDA:152,7,0,1529
BRDA:152,7,1,1275
BRDA:152,7,2,1236
BRDA:152,7,3,1216
BRDA:153,8,0,577
BRDA:153,8,1,955
BRDA:158,9,0,337
BRDA:158,9,1,615
BRDA:162,10,0,770
BRDA:162,10,1,182
BRDA:164,11,0,254
BRDA:164,11,1,698
BRDA:248,12,0,1972
BRDA:248,12,1,1876
BRDA:248,12,2,1874
BRDA:284,13,0,45
BRDA:284,13,1,872
BRDA:284,14,0,917
BRDA:284,14,1,633
BRDA:284,14,2,600
BRDA:286,15,0,282
BRDA:286,15,1,282
BRDA:304,16,0,31
BRDA:304,16,1,201
BRDA:304,17,0,232
BRDA:304,17,1,201
BRDA:305,18,0,167
BRDA:305,18,1,34
BRDA:305,19,0,201
BRDA:305,19,1,167
BRDA:309,20,0,34
BRDA:309,20,1,22
BRDA:310,21,0,12
BRDA:310,21,1,220
BRDA:314,22,0,0
BRDA:314,22,1,12
BRDA:326,23,0,7
BRDA:326,23,1,5
BRDA:333,24,0,0
BRDA:333,24,1,5
BRDA:375,25,0,146
BRDA:375,25,1,0
BRDA:376,26,0,8
BRDA:376,26,1,138
BRDA:379,27,0,13
BRDA:379,27,1,125
BRDA:384,28,0,103
BRDA:384,28,1,85
BRDA:387,29,0,65
BRDA:387,29,1,20
BRDA:399,30,0,6
BRDA:399,30,1,34
BRF:66
BRH:63
end_of_record
TN:
SF:lib/atlas/demo.ts
FN:36,series
FN:43,(anonymous_1)
FN:55,demoPayload
FN:89,(anonymous_3)
FNF:4
FNH:4
FNDA:9,series
FNDA:60,(anonymous_1)
FNDA:1,demoPayload
FNDA:86,(anonymous_3)
DA:26,1
DA:34,1
DA:43,60
DA:56,1
DA:88,1
DA:89,86
DA:90,2
DA:93,1
DA:110,1
DA:111,61
DA:113,1
LF:11
LH:11
BRDA:90,0,0,2
BRDA:90,0,1,0
BRDA:111,1,0,61
BRDA:111,1,1,5
BRF:4
BRH:3
end_of_record
TN:
SF:lib/atlas/engine.d.ts
FNF:0
FNH:0
LF:0
LH:0
BRF:0
BRH:0
end_of_record
TN:
SF:lib/atlas/template.ts
FNF:0
FNH:0
DA:9,1
LF:1
LH:1
BRF:0
BRH:0
end_of_record
